[0.247s] Invoking command in '/home/brian/robo450/lesson_enae450_s26/turtlebot4_ws/build/turtlebot4_base': AMENT_PREFIX_PATH=/home/brian/robo450/lesson_enae450_s26/turtlebot4_ws/install/turtlebot4_node:/home/brian/robo450/lesson_enae450_s26/turtlebot4_ws/install/turtlebot4_msgs:${AMENT_PREFIX_PATH} CMAKE_PREFIX_PATH=/home/brian/robo450/lesson_enae450_s26/turtlebot4_ws/install/turtlebot4_node:/home/brian/robo450/lesson_enae450_s26/turtlebot4_ws/install/turtlebot4_msgs:/opt/ros/jazzy/opt/gz_sim_vendor:/opt/ros/jazzy/opt/gz_sensors_vendor:/opt/ros/jazzy/opt/gz_physics_vendor:/opt/ros/jazzy/opt/sdformat_vendor:/opt/ros/jazzy/opt/gz_gui_vendor:/opt/ros/jazzy/opt/gz_transport_vendor:/opt/ros/jazzy/opt/gz_rendering_vendor:/opt/ros/jazzy/opt/gz_plugin_vendor:/opt/ros/jazzy/opt/gz_fuel_tools_vendor:/opt/ros/jazzy/opt/gz_msgs_vendor:/opt/ros/jazzy/opt/gz_common_vendor:/opt/ros/jazzy/opt/gz_math_vendor:/opt/ros/jazzy/opt/gz_utils_vendor:/opt/ros/jazzy/opt/gz_tools_vendor:/opt/ros/jazzy/opt/gz_ogre_next_vendor:/opt/ros/jazzy/opt/gz_dartsim_vendor:/opt/ros/jazzy/opt/gz_cmake_vendor:/opt/ros/jazzy LD_LIBRARY_PATH=/home/brian/robo450/lesson_enae450_s26/turtlebot4_ws/install/turtlebot4_msgs/lib:${LD_LIBRARY_PATH} PYTHONPATH=/home/brian/robo450/lesson_enae450_s26/turtlebot4_ws/install/turtlebot4_msgs/lib/python3.12/site-packages:${PYTHONPATH} /usr/bin/cmake /home/brian/robo450/lesson_enae450_s26/turtlebot4_ws/src/turtlebot4_robot/turtlebot4_base -DAMENT_CMAKE_SYMLINK_INSTALL=1 -DCMAKE_INSTALL_PREFIX=/home/brian/robo450/lesson_enae450_s26/turtlebot4_ws/install/turtlebot4_base
[0.447s] -- The C compiler identification is GNU 13.3.0
[1.795s] -- The CXX compiler identification is GNU 13.3.0
[2.631s] -- Detecting C compiler ABI info
[3.171s] -- Detecting C compiler ABI info - done
[3.184s] -- Check for working C compiler: /usr/bin/cc - skipped
[3.185s] -- Detecting C compile features
[3.186s] -- Detecting C compile features - done
[3.310s] -- Detecting CXX compiler ABI info
[3.833s] -- Detecting CXX compiler ABI info - done
[3.851s] -- Check for working CXX compiler: /usr/bin/c++ - skipped
[3.852s] -- Detecting CXX compile features
[3.852s] -- Detecting CXX compile features - done
[3.864s] -- Found ament_cmake: 2.5.5 (/opt/ros/jazzy/share/ament_cmake/cmake)
[4.191s] -- Found Python3: /usr/bin/python3 (found version "3.12.3") found components: Interpreter 
[4.342s] -- Override CMake install command with custom implementation using symlinks instead of copying resources
[4.427s] -- Found irobot_create_msgs: 3.0.0 (/opt/ros/jazzy/share/irobot_create_msgs/cmake)
[4.801s] -- Found rosidl_generator_c: 4.6.7 (/opt/ros/jazzy/share/rosidl_generator_c/cmake)
[4.831s] -- Found rosidl_generator_cpp: 4.6.7 (/opt/ros/jazzy/share/rosidl_generator_cpp/cmake)
[4.872s] -- Using all available rosidl_typesupport_c: rosidl_typesupport_fastrtps_c;rosidl_typesupport_introspection_c
[4.915s] -- Using all available rosidl_typesupport_cpp: rosidl_typesupport_fastrtps_cpp;rosidl_typesupport_introspection_cpp
[5.186s] -- Found rclcpp: 28.1.16 (/opt/ros/jazzy/share/rclcpp/cmake)
[5.289s] -- Found rmw_implementation_cmake: 7.3.3 (/opt/ros/jazzy/share/rmw_implementation_cmake/cmake)
[5.296s] -- Found rmw_fastrtps_cpp: 8.4.3 (/opt/ros/jazzy/share/rmw_fastrtps_cpp/cmake)
[5.467s] -- Found OpenSSL: /usr/lib/x86_64-linux-gnu/libcrypto.so (found version "3.0.13")  
[5.863s] -- Found FastRTPS: /opt/ros/jazzy/include (Required is at least version "2.13") 
[6.077s] -- Using RMW implementation 'rmw_fastrtps_cpp' as default
[6.468s] -- Found rclcpp_action: 28.1.16 (/opt/ros/jazzy/share/rclcpp_action/cmake)
[6.497s] -- Found sensor_msgs: 5.3.6 (/opt/ros/jazzy/share/sensor_msgs/cmake)
[6.545s] -- Found turtlebot4_msgs: 2.1.1 (/home/brian/robo450/lesson_enae450_s26/turtlebot4_ws/install/turtlebot4_msgs/share/turtlebot4_msgs/cmake)
[6.566s] -- Found turtlebot4_node: 2.1.1 (/home/brian/robo450/lesson_enae450_s26/turtlebot4_ws/install/turtlebot4_node/share/turtlebot4_node/cmake)
[6.706s] -- Found ament_lint_auto: 0.17.4 (/opt/ros/jazzy/share/ament_lint_auto/cmake)
[6.950s] -- Added test 'cppcheck' to perform static code analysis on C / C++ code
[6.951s] -- Configured cppcheck include dirs: /home/brian/robo450/lesson_enae450_s26/turtlebot4_ws/src/turtlebot4_robot/turtlebot4_base/include
[6.951s] -- Configured cppcheck exclude dirs and/or files: 
[6.954s] -- Added test 'cpplint' to check C / C++ code against the Google style
[6.954s] -- Configured cpplint exclude dirs and/or files: 
[6.956s] -- Added test 'lint_cmake' to check CMake code style
[6.958s] -- Added test 'uncrustify' to check C / C++ code style
[6.959s] -- Configured uncrustify additional arguments: 
[6.960s] -- Added test 'xmllint' to check XML markup files
[6.965s] -- Configuring done (6.7s)
[7.009s] -- Generating done (0.0s)
[7.023s] -- Build files have been written to: /home/brian/robo450/lesson_enae450_s26/turtlebot4_ws/build/turtlebot4_base
[7.047s] Invoked command in '/home/brian/robo450/lesson_enae450_s26/turtlebot4_ws/build/turtlebot4_base' returned '0': AMENT_PREFIX_PATH=/home/brian/robo450/lesson_enae450_s26/turtlebot4_ws/install/turtlebot4_node:/home/brian/robo450/lesson_enae450_s26/turtlebot4_ws/install/turtlebot4_msgs:${AMENT_PREFIX_PATH} CMAKE_PREFIX_PATH=/home/brian/robo450/lesson_enae450_s26/turtlebot4_ws/install/turtlebot4_node:/home/brian/robo450/lesson_enae450_s26/turtlebot4_ws/install/turtlebot4_msgs:/opt/ros/jazzy/opt/gz_sim_vendor:/opt/ros/jazzy/opt/gz_sensors_vendor:/opt/ros/jazzy/opt/gz_physics_vendor:/opt/ros/jazzy/opt/sdformat_vendor:/opt/ros/jazzy/opt/gz_gui_vendor:/opt/ros/jazzy/opt/gz_transport_vendor:/opt/ros/jazzy/opt/gz_rendering_vendor:/opt/ros/jazzy/opt/gz_plugin_vendor:/opt/ros/jazzy/opt/gz_fuel_tools_vendor:/opt/ros/jazzy/opt/gz_msgs_vendor:/opt/ros/jazzy/opt/gz_common_vendor:/opt/ros/jazzy/opt/gz_math_vendor:/opt/ros/jazzy/opt/gz_utils_vendor:/opt/ros/jazzy/opt/gz_tools_vendor:/opt/ros/jazzy/opt/gz_ogre_next_vendor:/opt/ros/jazzy/opt/gz_dartsim_vendor:/opt/ros/jazzy/opt/gz_cmake_vendor:/opt/ros/jazzy LD_LIBRARY_PATH=/home/brian/robo450/lesson_enae450_s26/turtlebot4_ws/install/turtlebot4_msgs/lib:${LD_LIBRARY_PATH} PYTHONPATH=/home/brian/robo450/lesson_enae450_s26/turtlebot4_ws/install/turtlebot4_msgs/lib/python3.12/site-packages:${PYTHONPATH} /usr/bin/cmake /home/brian/robo450/lesson_enae450_s26/turtlebot4_ws/src/turtlebot4_robot/turtlebot4_base -DAMENT_CMAKE_SYMLINK_INSTALL=1 -DCMAKE_INSTALL_PREFIX=/home/brian/robo450/lesson_enae450_s26/turtlebot4_ws/install/turtlebot4_base
[7.050s] Invoking command in '/home/brian/robo450/lesson_enae450_s26/turtlebot4_ws/build/turtlebot4_base': AMENT_PREFIX_PATH=/home/brian/robo450/lesson_enae450_s26/turtlebot4_ws/install/turtlebot4_node:/home/brian/robo450/lesson_enae450_s26/turtlebot4_ws/install/turtlebot4_msgs:${AMENT_PREFIX_PATH} CMAKE_PREFIX_PATH=/home/brian/robo450/lesson_enae450_s26/turtlebot4_ws/install/turtlebot4_node:/home/brian/robo450/lesson_enae450_s26/turtlebot4_ws/install/turtlebot4_msgs:/opt/ros/jazzy/opt/gz_sim_vendor:/opt/ros/jazzy/opt/gz_sensors_vendor:/opt/ros/jazzy/opt/gz_physics_vendor:/opt/ros/jazzy/opt/sdformat_vendor:/opt/ros/jazzy/opt/gz_gui_vendor:/opt/ros/jazzy/opt/gz_transport_vendor:/opt/ros/jazzy/opt/gz_rendering_vendor:/opt/ros/jazzy/opt/gz_plugin_vendor:/opt/ros/jazzy/opt/gz_fuel_tools_vendor:/opt/ros/jazzy/opt/gz_msgs_vendor:/opt/ros/jazzy/opt/gz_common_vendor:/opt/ros/jazzy/opt/gz_math_vendor:/opt/ros/jazzy/opt/gz_utils_vendor:/opt/ros/jazzy/opt/gz_tools_vendor:/opt/ros/jazzy/opt/gz_ogre_next_vendor:/opt/ros/jazzy/opt/gz_dartsim_vendor:/opt/ros/jazzy/opt/gz_cmake_vendor:/opt/ros/jazzy LD_LIBRARY_PATH=/home/brian/robo450/lesson_enae450_s26/turtlebot4_ws/install/turtlebot4_msgs/lib:${LD_LIBRARY_PATH} PYTHONPATH=/home/brian/robo450/lesson_enae450_s26/turtlebot4_ws/install/turtlebot4_msgs/lib/python3.12/site-packages:${PYTHONPATH} /usr/bin/cmake --build /home/brian/robo450/lesson_enae450_s26/turtlebot4_ws/build/turtlebot4_base -- -j24 -l24
[7.163s] [  8%] [32mBuilding CXX object CMakeFiles/turtlebot4_base_lib.dir/src/turtlebot4.cpp.o[0m
[7.164s] [ 16%] [32mBuilding CXX object CMakeFiles/turtlebot4_base_lib.dir/src/display.cpp.o[0m
[7.167s] [ 33%] [32mBuilding CXX object CMakeFiles/turtlebot4_base_lib.dir/src/ssd1306.cpp.o[0m
[7.167s] [ 41%] [32mBuilding CXX object CMakeFiles/turtlebot4_base_lib.dir/src/i2c_interface.cpp.o[0m
[7.167s] [ 33%] [32mBuilding CXX object CMakeFiles/turtlebot4_base_lib.dir/src/main.cpp.o[0m
[7.168s] [ 50%] [32mBuilding CXX object CMakeFiles/turtlebot4_base_lib.dir/src/ssd1306_fonts.cpp.o[0m
[7.168s] [ 58%] [32mBuilding CXX object CMakeFiles/turtlebot4_base_lib.dir/src/leds.cpp.o[0m
[7.176s] [ 66%] [32mBuilding CXX object CMakeFiles/turtlebot4_base_lib.dir/src/gpio_interface.cpp.o[0m
[7.177s] [ 75%] [32mBuilding CXX object CMakeFiles/turtlebot4_base_lib.dir/src/buttons.cpp.o[0m
[23.247s] [ 83%] [32m[1mLinking CXX static library libturtlebot4_base_lib.a[0m
[23.551s] [ 83%] Built target turtlebot4_base_lib
[23.594s] [ 91%] [32mBuilding CXX object CMakeFiles/turtlebot4_base_node.dir/src/main.cpp.o[0m
[31.425s] [100%] [32m[1mLinking CXX executable turtlebot4_base_node[0m
[32.335s] [100%] Built target turtlebot4_base_node
[32.367s] Invoked command in '/home/brian/robo450/lesson_enae450_s26/turtlebot4_ws/build/turtlebot4_base' returned '0': AMENT_PREFIX_PATH=/home/brian/robo450/lesson_enae450_s26/turtlebot4_ws/install/turtlebot4_node:/home/brian/robo450/lesson_enae450_s26/turtlebot4_ws/install/turtlebot4_msgs:${AMENT_PREFIX_PATH} CMAKE_PREFIX_PATH=/home/brian/robo450/lesson_enae450_s26/turtlebot4_ws/install/turtlebot4_node:/home/brian/robo450/lesson_enae450_s26/turtlebot4_ws/install/turtlebot4_msgs:/opt/ros/jazzy/opt/gz_sim_vendor:/opt/ros/jazzy/opt/gz_sensors_vendor:/opt/ros/jazzy/opt/gz_physics_vendor:/opt/ros/jazzy/opt/sdformat_vendor:/opt/ros/jazzy/opt/gz_gui_vendor:/opt/ros/jazzy/opt/gz_transport_vendor:/opt/ros/jazzy/opt/gz_rendering_vendor:/opt/ros/jazzy/opt/gz_plugin_vendor:/opt/ros/jazzy/opt/gz_fuel_tools_vendor:/opt/ros/jazzy/opt/gz_msgs_vendor:/opt/ros/jazzy/opt/gz_common_vendor:/opt/ros/jazzy/opt/gz_math_vendor:/opt/ros/jazzy/opt/gz_utils_vendor:/opt/ros/jazzy/opt/gz_tools_vendor:/opt/ros/jazzy/opt/gz_ogre_next_vendor:/opt/ros/jazzy/opt/gz_dartsim_vendor:/opt/ros/jazzy/opt/gz_cmake_vendor:/opt/ros/jazzy LD_LIBRARY_PATH=/home/brian/robo450/lesson_enae450_s26/turtlebot4_ws/install/turtlebot4_msgs/lib:${LD_LIBRARY_PATH} PYTHONPATH=/home/brian/robo450/lesson_enae450_s26/turtlebot4_ws/install/turtlebot4_msgs/lib/python3.12/site-packages:${PYTHONPATH} /usr/bin/cmake --build /home/brian/robo450/lesson_enae450_s26/turtlebot4_ws/build/turtlebot4_base -- -j24 -l24
[32.371s] Invoking command in '/home/brian/robo450/lesson_enae450_s26/turtlebot4_ws/build/turtlebot4_base': AMENT_PREFIX_PATH=/home/brian/robo450/lesson_enae450_s26/turtlebot4_ws/install/turtlebot4_node:/home/brian/robo450/lesson_enae450_s26/turtlebot4_ws/install/turtlebot4_msgs:${AMENT_PREFIX_PATH} CMAKE_PREFIX_PATH=/home/brian/robo450/lesson_enae450_s26/turtlebot4_ws/install/turtlebot4_node:/home/brian/robo450/lesson_enae450_s26/turtlebot4_ws/install/turtlebot4_msgs:/opt/ros/jazzy/opt/gz_sim_vendor:/opt/ros/jazzy/opt/gz_sensors_vendor:/opt/ros/jazzy/opt/gz_physics_vendor:/opt/ros/jazzy/opt/sdformat_vendor:/opt/ros/jazzy/opt/gz_gui_vendor:/opt/ros/jazzy/opt/gz_transport_vendor:/opt/ros/jazzy/opt/gz_rendering_vendor:/opt/ros/jazzy/opt/gz_plugin_vendor:/opt/ros/jazzy/opt/gz_fuel_tools_vendor:/opt/ros/jazzy/opt/gz_msgs_vendor:/opt/ros/jazzy/opt/gz_common_vendor:/opt/ros/jazzy/opt/gz_math_vendor:/opt/ros/jazzy/opt/gz_utils_vendor:/opt/ros/jazzy/opt/gz_tools_vendor:/opt/ros/jazzy/opt/gz_ogre_next_vendor:/opt/ros/jazzy/opt/gz_dartsim_vendor:/opt/ros/jazzy/opt/gz_cmake_vendor:/opt/ros/jazzy LD_LIBRARY_PATH=/home/brian/robo450/lesson_enae450_s26/turtlebot4_ws/install/turtlebot4_msgs/lib:${LD_LIBRARY_PATH} PYTHONPATH=/home/brian/robo450/lesson_enae450_s26/turtlebot4_ws/install/turtlebot4_msgs/lib/python3.12/site-packages:${PYTHONPATH} /usr/bin/cmake --install /home/brian/robo450/lesson_enae450_s26/turtlebot4_ws/build/turtlebot4_base
[32.387s] -- Install configuration: ""
[32.388s] -- Execute custom install script
[32.390s] -- Symlinking: /home/brian/robo450/lesson_enae450_s26/turtlebot4_ws/install/turtlebot4_base/lib/turtlebot4_base/turtlebot4_base_node
[32.416s] -- Symlinking: /home/brian/robo450/lesson_enae450_s26/turtlebot4_ws/install/turtlebot4_base/share/ament_index/resource_index/package_run_dependencies/turtlebot4_base
[32.440s] -- Symlinking: /home/brian/robo450/lesson_enae450_s26/turtlebot4_ws/install/turtlebot4_base/share/ament_index/resource_index/parent_prefix_path/turtlebot4_base
[32.456s] -- Symlinking: /home/brian/robo450/lesson_enae450_s26/turtlebot4_ws/install/turtlebot4_base/share/turtlebot4_base/environment/ament_prefix_path.sh
[32.476s] -- Symlinking: /home/brian/robo450/lesson_enae450_s26/turtlebot4_ws/install/turtlebot4_base/share/turtlebot4_base/environment/ament_prefix_path.dsv
[32.491s] -- Symlinking: /home/brian/robo450/lesson_enae450_s26/turtlebot4_ws/install/turtlebot4_base/share/turtlebot4_base/environment/path.sh
[32.513s] -- Symlinking: /home/brian/robo450/lesson_enae450_s26/turtlebot4_ws/install/turtlebot4_base/share/turtlebot4_base/environment/path.dsv
[32.529s] -- Symlinking: /home/brian/robo450/lesson_enae450_s26/turtlebot4_ws/install/turtlebot4_base/share/turtlebot4_base/local_setup.bash
[32.545s] -- Symlinking: /home/brian/robo450/lesson_enae450_s26/turtlebot4_ws/install/turtlebot4_base/share/turtlebot4_base/local_setup.sh
[32.560s] -- Symlinking: /home/brian/robo450/lesson_enae450_s26/turtlebot4_ws/install/turtlebot4_base/share/turtlebot4_base/local_setup.zsh
[32.574s] -- Symlinking: /home/brian/robo450/lesson_enae450_s26/turtlebot4_ws/install/turtlebot4_base/share/turtlebot4_base/local_setup.dsv
[32.590s] -- Symlinking: /home/brian/robo450/lesson_enae450_s26/turtlebot4_ws/install/turtlebot4_base/share/turtlebot4_base/package.dsv
[32.610s] -- Symlinking: /home/brian/robo450/lesson_enae450_s26/turtlebot4_ws/install/turtlebot4_base/share/ament_index/resource_index/packages/turtlebot4_base
[32.625s] -- Symlinking: /home/brian/robo450/lesson_enae450_s26/turtlebot4_ws/install/turtlebot4_base/share/turtlebot4_base/cmake/ament_cmake_export_include_directories-extras.cmake
[32.638s] -- Symlinking: /home/brian/robo450/lesson_enae450_s26/turtlebot4_ws/install/turtlebot4_base/share/turtlebot4_base/cmake/turtlebot4_baseConfig.cmake
[32.657s] -- Symlinking: /home/brian/robo450/lesson_enae450_s26/turtlebot4_ws/install/turtlebot4_base/share/turtlebot4_base/cmake/turtlebot4_baseConfig-version.cmake
[32.674s] -- Symlinking: /home/brian/robo450/lesson_enae450_s26/turtlebot4_ws/install/turtlebot4_base/share/turtlebot4_base/package.xml
[32.698s] Invoked command in '/home/brian/robo450/lesson_enae450_s26/turtlebot4_ws/build/turtlebot4_base' returned '0': AMENT_PREFIX_PATH=/home/brian/robo450/lesson_enae450_s26/turtlebot4_ws/install/turtlebot4_node:/home/brian/robo450/lesson_enae450_s26/turtlebot4_ws/install/turtlebot4_msgs:${AMENT_PREFIX_PATH} CMAKE_PREFIX_PATH=/home/brian/robo450/lesson_enae450_s26/turtlebot4_ws/install/turtlebot4_node:/home/brian/robo450/lesson_enae450_s26/turtlebot4_ws/install/turtlebot4_msgs:/opt/ros/jazzy/opt/gz_sim_vendor:/opt/ros/jazzy/opt/gz_sensors_vendor:/opt/ros/jazzy/opt/gz_physics_vendor:/opt/ros/jazzy/opt/sdformat_vendor:/opt/ros/jazzy/opt/gz_gui_vendor:/opt/ros/jazzy/opt/gz_transport_vendor:/opt/ros/jazzy/opt/gz_rendering_vendor:/opt/ros/jazzy/opt/gz_plugin_vendor:/opt/ros/jazzy/opt/gz_fuel_tools_vendor:/opt/ros/jazzy/opt/gz_msgs_vendor:/opt/ros/jazzy/opt/gz_common_vendor:/opt/ros/jazzy/opt/gz_math_vendor:/opt/ros/jazzy/opt/gz_utils_vendor:/opt/ros/jazzy/opt/gz_tools_vendor:/opt/ros/jazzy/opt/gz_ogre_next_vendor:/opt/ros/jazzy/opt/gz_dartsim_vendor:/opt/ros/jazzy/opt/gz_cmake_vendor:/opt/ros/jazzy LD_LIBRARY_PATH=/home/brian/robo450/lesson_enae450_s26/turtlebot4_ws/install/turtlebot4_msgs/lib:${LD_LIBRARY_PATH} PYTHONPATH=/home/brian/robo450/lesson_enae450_s26/turtlebot4_ws/install/turtlebot4_msgs/lib/python3.12/site-packages:${PYTHONPATH} /usr/bin/cmake --install /home/brian/robo450/lesson_enae450_s26/turtlebot4_ws/build/turtlebot4_base
