[0.727s] Invoking command in '/home/brian/robo450/lesson_enae450_s26/turtlebot4_ws/build/turtlebot4_node': AMENT_PREFIX_PATH=/home/brian/robo450/lesson_enae450_s26/turtlebot4_ws/install/turtlebot4_msgs:${AMENT_PREFIX_PATH} CMAKE_PREFIX_PATH=/home/brian/robo450/lesson_enae450_s26/turtlebot4_ws/install/turtlebot4_msgs:/opt/ros/jazzy/opt/gz_sim_vendor:/opt/ros/jazzy/opt/gz_sensors_vendor:/opt/ros/jazzy/opt/gz_physics_vendor:/opt/ros/jazzy/opt/sdformat_vendor:/opt/ros/jazzy/opt/gz_gui_vendor:/opt/ros/jazzy/opt/gz_transport_vendor:/opt/ros/jazzy/opt/gz_rendering_vendor:/opt/ros/jazzy/opt/gz_plugin_vendor:/opt/ros/jazzy/opt/gz_fuel_tools_vendor:/opt/ros/jazzy/opt/gz_msgs_vendor:/opt/ros/jazzy/opt/gz_common_vendor:/opt/ros/jazzy/opt/gz_math_vendor:/opt/ros/jazzy/opt/gz_utils_vendor:/opt/ros/jazzy/opt/gz_tools_vendor:/opt/ros/jazzy/opt/gz_ogre_next_vendor:/opt/ros/jazzy/opt/gz_dartsim_vendor:/opt/ros/jazzy/opt/gz_cmake_vendor:/opt/ros/jazzy LD_LIBRARY_PATH=/home/brian/robo450/lesson_enae450_s26/turtlebot4_ws/install/turtlebot4_msgs/lib:${LD_LIBRARY_PATH} PYTHONPATH=/home/brian/robo450/lesson_enae450_s26/turtlebot4_ws/install/turtlebot4_msgs/lib/python3.12/site-packages:${PYTHONPATH} /usr/bin/cmake /home/brian/robo450/lesson_enae450_s26/turtlebot4_ws/src/turtlebot4/turtlebot4_node -DAMENT_CMAKE_SYMLINK_INSTALL=1 -DCMAKE_INSTALL_PREFIX=/home/brian/robo450/lesson_enae450_s26/turtlebot4_ws/install/turtlebot4_node
[0.978s] -- The C compiler identification is GNU 13.3.0
[2.407s] -- The CXX compiler identification is GNU 13.3.0
[3.772s] -- Detecting C compiler ABI info
[4.284s] -- Detecting C compiler ABI info - done
[4.300s] -- Check for working C compiler: /usr/bin/cc - skipped
[4.301s] -- Detecting C compile features
[4.302s] -- Detecting C compile features - done
[4.523s] -- Detecting CXX compiler ABI info
[5.114s] -- Detecting CXX compiler ABI info - done
[5.135s] -- Check for working CXX compiler: /usr/bin/c++ - skipped
[5.136s] -- Detecting CXX compile features
[5.137s] -- Detecting CXX compile features - done
[5.149s] -- Found ament_cmake: 2.5.5 (/opt/ros/jazzy/share/ament_cmake/cmake)
[5.469s] -- Found Python3: /usr/bin/python3 (found version "3.12.3") found components: Interpreter 
[5.649s] -- Override CMake install command with custom implementation using symlinks instead of copying resources
[5.776s] -- Found rclcpp: 28.1.16 (/opt/ros/jazzy/share/rclcpp/cmake)
[6.173s] -- Found rosidl_generator_c: 4.6.7 (/opt/ros/jazzy/share/rosidl_generator_c/cmake)
[6.208s] -- Found rosidl_generator_cpp: 4.6.7 (/opt/ros/jazzy/share/rosidl_generator_cpp/cmake)
[6.248s] -- Using all available rosidl_typesupport_c: rosidl_typesupport_fastrtps_c;rosidl_typesupport_introspection_c
[6.289s] -- Using all available rosidl_typesupport_cpp: rosidl_typesupport_fastrtps_cpp;rosidl_typesupport_introspection_cpp
[6.575s] -- Found rmw_implementation_cmake: 7.3.3 (/opt/ros/jazzy/share/rmw_implementation_cmake/cmake)
[6.592s] -- Found rmw_fastrtps_cpp: 8.4.3 (/opt/ros/jazzy/share/rmw_fastrtps_cpp/cmake)
[6.814s] -- Found OpenSSL: /usr/lib/x86_64-linux-gnu/libcrypto.so (found version "3.0.13")  
[7.218s] -- Found FastRTPS: /opt/ros/jazzy/include (Required is at least version "2.13") 
[7.465s] -- Using RMW implementation 'rmw_fastrtps_cpp' as default
[7.979s] -- Found rclcpp_action: 28.1.16 (/opt/ros/jazzy/share/rclcpp_action/cmake)
[8.154s] -- Found std_msgs: 5.3.6 (/opt/ros/jazzy/share/std_msgs/cmake)
[8.198s] -- Found std_srvs: 5.3.6 (/opt/ros/jazzy/share/std_srvs/cmake)
[8.282s] -- Found sensor_msgs: 5.3.6 (/opt/ros/jazzy/share/sensor_msgs/cmake)
[8.437s] -- Found irobot_create_msgs: 3.0.0 (/opt/ros/jazzy/share/irobot_create_msgs/cmake)
[8.521s] -- Found turtlebot4_msgs: 2.1.1 (/home/brian/robo450/lesson_enae450_s26/turtlebot4_ws/install/turtlebot4_msgs/share/turtlebot4_msgs/cmake)
[8.551s] -- Found ament_lint_auto: 0.17.4 (/opt/ros/jazzy/share/ament_lint_auto/cmake)
[8.801s] -- Added test 'cppcheck' to perform static code analysis on C / C++ code
[8.801s] -- Configured cppcheck include dirs: /home/brian/robo450/lesson_enae450_s26/turtlebot4_ws/src/turtlebot4/turtlebot4_node/include
[8.802s] -- Configured cppcheck exclude dirs and/or files: 
[8.805s] -- Added test 'cpplint' to check C / C++ code against the Google style
[8.805s] -- Configured cpplint exclude dirs and/or files: 
[8.807s] -- Added test 'lint_cmake' to check CMake code style
[8.809s] -- Added test 'uncrustify' to check C / C++ code style
[8.809s] -- Configured uncrustify additional arguments: 
[8.812s] -- Added test 'xmllint' to check XML markup files
[8.819s] -- Configuring done (8.1s)
[8.857s] -- Generating done (0.0s)
[8.871s] -- Build files have been written to: /home/brian/robo450/lesson_enae450_s26/turtlebot4_ws/build/turtlebot4_node
[8.890s] Invoked command in '/home/brian/robo450/lesson_enae450_s26/turtlebot4_ws/build/turtlebot4_node' returned '0': AMENT_PREFIX_PATH=/home/brian/robo450/lesson_enae450_s26/turtlebot4_ws/install/turtlebot4_msgs:${AMENT_PREFIX_PATH} CMAKE_PREFIX_PATH=/home/brian/robo450/lesson_enae450_s26/turtlebot4_ws/install/turtlebot4_msgs:/opt/ros/jazzy/opt/gz_sim_vendor:/opt/ros/jazzy/opt/gz_sensors_vendor:/opt/ros/jazzy/opt/gz_physics_vendor:/opt/ros/jazzy/opt/sdformat_vendor:/opt/ros/jazzy/opt/gz_gui_vendor:/opt/ros/jazzy/opt/gz_transport_vendor:/opt/ros/jazzy/opt/gz_rendering_vendor:/opt/ros/jazzy/opt/gz_plugin_vendor:/opt/ros/jazzy/opt/gz_fuel_tools_vendor:/opt/ros/jazzy/opt/gz_msgs_vendor:/opt/ros/jazzy/opt/gz_common_vendor:/opt/ros/jazzy/opt/gz_math_vendor:/opt/ros/jazzy/opt/gz_utils_vendor:/opt/ros/jazzy/opt/gz_tools_vendor:/opt/ros/jazzy/opt/gz_ogre_next_vendor:/opt/ros/jazzy/opt/gz_dartsim_vendor:/opt/ros/jazzy/opt/gz_cmake_vendor:/opt/ros/jazzy LD_LIBRARY_PATH=/home/brian/robo450/lesson_enae450_s26/turtlebot4_ws/install/turtlebot4_msgs/lib:${LD_LIBRARY_PATH} PYTHONPATH=/home/brian/robo450/lesson_enae450_s26/turtlebot4_ws/install/turtlebot4_msgs/lib/python3.12/site-packages:${PYTHONPATH} /usr/bin/cmake /home/brian/robo450/lesson_enae450_s26/turtlebot4_ws/src/turtlebot4/turtlebot4_node -DAMENT_CMAKE_SYMLINK_INSTALL=1 -DCMAKE_INSTALL_PREFIX=/home/brian/robo450/lesson_enae450_s26/turtlebot4_ws/install/turtlebot4_node
[8.894s] Invoking command in '/home/brian/robo450/lesson_enae450_s26/turtlebot4_ws/build/turtlebot4_node': AMENT_PREFIX_PATH=/home/brian/robo450/lesson_enae450_s26/turtlebot4_ws/install/turtlebot4_msgs:${AMENT_PREFIX_PATH} CMAKE_PREFIX_PATH=/home/brian/robo450/lesson_enae450_s26/turtlebot4_ws/install/turtlebot4_msgs:/opt/ros/jazzy/opt/gz_sim_vendor:/opt/ros/jazzy/opt/gz_sensors_vendor:/opt/ros/jazzy/opt/gz_physics_vendor:/opt/ros/jazzy/opt/sdformat_vendor:/opt/ros/jazzy/opt/gz_gui_vendor:/opt/ros/jazzy/opt/gz_transport_vendor:/opt/ros/jazzy/opt/gz_rendering_vendor:/opt/ros/jazzy/opt/gz_plugin_vendor:/opt/ros/jazzy/opt/gz_fuel_tools_vendor:/opt/ros/jazzy/opt/gz_msgs_vendor:/opt/ros/jazzy/opt/gz_common_vendor:/opt/ros/jazzy/opt/gz_math_vendor:/opt/ros/jazzy/opt/gz_utils_vendor:/opt/ros/jazzy/opt/gz_tools_vendor:/opt/ros/jazzy/opt/gz_ogre_next_vendor:/opt/ros/jazzy/opt/gz_dartsim_vendor:/opt/ros/jazzy/opt/gz_cmake_vendor:/opt/ros/jazzy LD_LIBRARY_PATH=/home/brian/robo450/lesson_enae450_s26/turtlebot4_ws/install/turtlebot4_msgs/lib:${LD_LIBRARY_PATH} PYTHONPATH=/home/brian/robo450/lesson_enae450_s26/turtlebot4_ws/install/turtlebot4_msgs/lib/python3.12/site-packages:${PYTHONPATH} /usr/bin/cmake --build /home/brian/robo450/lesson_enae450_s26/turtlebot4_ws/build/turtlebot4_node -- -j24 -l24
[8.993s] [ 12%] [32mBuilding CXX object CMakeFiles/turtlebot4_node_lib.dir/src/display.cpp.o[0m
[8.994s] [ 25%] [32mBuilding CXX object CMakeFiles/turtlebot4_node_lib.dir/src/turtlebot4.cpp.o[0m
[8.994s] [ 37%] [32mBuilding CXX object CMakeFiles/turtlebot4_node_lib.dir/src/main.cpp.o[0m
[8.995s] [ 50%] [32mBuilding CXX object CMakeFiles/turtlebot4_node_lib.dir/src/leds.cpp.o[0m
[8.996s] [ 62%] [32mBuilding CXX object CMakeFiles/turtlebot4_node_lib.dir/src/buttons.cpp.o[0m
[54.976s] [ 75%] [32m[1mLinking CXX static library libturtlebot4_node_lib.a[0m
[55.874s] [ 75%] Built target turtlebot4_node_lib
[55.921s] [ 87%] [32mBuilding CXX object CMakeFiles/turtlebot4_node.dir/src/main.cpp.o[0m
[65.780s] [100%] [32m[1mLinking CXX executable turtlebot4_node[0m
[68.276s] [100%] Built target turtlebot4_node
[68.300s] Invoked command in '/home/brian/robo450/lesson_enae450_s26/turtlebot4_ws/build/turtlebot4_node' returned '0': AMENT_PREFIX_PATH=/home/brian/robo450/lesson_enae450_s26/turtlebot4_ws/install/turtlebot4_msgs:${AMENT_PREFIX_PATH} CMAKE_PREFIX_PATH=/home/brian/robo450/lesson_enae450_s26/turtlebot4_ws/install/turtlebot4_msgs:/opt/ros/jazzy/opt/gz_sim_vendor:/opt/ros/jazzy/opt/gz_sensors_vendor:/opt/ros/jazzy/opt/gz_physics_vendor:/opt/ros/jazzy/opt/sdformat_vendor:/opt/ros/jazzy/opt/gz_gui_vendor:/opt/ros/jazzy/opt/gz_transport_vendor:/opt/ros/jazzy/opt/gz_rendering_vendor:/opt/ros/jazzy/opt/gz_plugin_vendor:/opt/ros/jazzy/opt/gz_fuel_tools_vendor:/opt/ros/jazzy/opt/gz_msgs_vendor:/opt/ros/jazzy/opt/gz_common_vendor:/opt/ros/jazzy/opt/gz_math_vendor:/opt/ros/jazzy/opt/gz_utils_vendor:/opt/ros/jazzy/opt/gz_tools_vendor:/opt/ros/jazzy/opt/gz_ogre_next_vendor:/opt/ros/jazzy/opt/gz_dartsim_vendor:/opt/ros/jazzy/opt/gz_cmake_vendor:/opt/ros/jazzy LD_LIBRARY_PATH=/home/brian/robo450/lesson_enae450_s26/turtlebot4_ws/install/turtlebot4_msgs/lib:${LD_LIBRARY_PATH} PYTHONPATH=/home/brian/robo450/lesson_enae450_s26/turtlebot4_ws/install/turtlebot4_msgs/lib/python3.12/site-packages:${PYTHONPATH} /usr/bin/cmake --build /home/brian/robo450/lesson_enae450_s26/turtlebot4_ws/build/turtlebot4_node -- -j24 -l24
[68.305s] Invoking command in '/home/brian/robo450/lesson_enae450_s26/turtlebot4_ws/build/turtlebot4_node': AMENT_PREFIX_PATH=/home/brian/robo450/lesson_enae450_s26/turtlebot4_ws/install/turtlebot4_msgs:${AMENT_PREFIX_PATH} CMAKE_PREFIX_PATH=/home/brian/robo450/lesson_enae450_s26/turtlebot4_ws/install/turtlebot4_msgs:/opt/ros/jazzy/opt/gz_sim_vendor:/opt/ros/jazzy/opt/gz_sensors_vendor:/opt/ros/jazzy/opt/gz_physics_vendor:/opt/ros/jazzy/opt/sdformat_vendor:/opt/ros/jazzy/opt/gz_gui_vendor:/opt/ros/jazzy/opt/gz_transport_vendor:/opt/ros/jazzy/opt/gz_rendering_vendor:/opt/ros/jazzy/opt/gz_plugin_vendor:/opt/ros/jazzy/opt/gz_fuel_tools_vendor:/opt/ros/jazzy/opt/gz_msgs_vendor:/opt/ros/jazzy/opt/gz_common_vendor:/opt/ros/jazzy/opt/gz_math_vendor:/opt/ros/jazzy/opt/gz_utils_vendor:/opt/ros/jazzy/opt/gz_tools_vendor:/opt/ros/jazzy/opt/gz_ogre_next_vendor:/opt/ros/jazzy/opt/gz_dartsim_vendor:/opt/ros/jazzy/opt/gz_cmake_vendor:/opt/ros/jazzy LD_LIBRARY_PATH=/home/brian/robo450/lesson_enae450_s26/turtlebot4_ws/install/turtlebot4_msgs/lib:${LD_LIBRARY_PATH} PYTHONPATH=/home/brian/robo450/lesson_enae450_s26/turtlebot4_ws/install/turtlebot4_msgs/lib/python3.12/site-packages:${PYTHONPATH} /usr/bin/cmake --install /home/brian/robo450/lesson_enae450_s26/turtlebot4_ws/build/turtlebot4_node
[68.325s] -- Install configuration: ""
[68.327s] -- Execute custom install script
[68.329s] -- Symlinking: /home/brian/robo450/lesson_enae450_s26/turtlebot4_ws/install/turtlebot4_node/lib/turtlebot4_node/turtlebot4_node
[68.357s] -- Symlinking: /home/brian/robo450/lesson_enae450_s26/turtlebot4_ws/install/turtlebot4_node/include/turtlebot4_node/action.hpp
[68.373s] -- Symlinking: /home/brian/robo450/lesson_enae450_s26/turtlebot4_ws/install/turtlebot4_node/include/turtlebot4_node/buttons.hpp
[68.394s] -- Symlinking: /home/brian/robo450/lesson_enae450_s26/turtlebot4_ws/install/turtlebot4_node/include/turtlebot4_node/display.hpp
[68.418s] -- Symlinking: /home/brian/robo450/lesson_enae450_s26/turtlebot4_ws/install/turtlebot4_node/include/turtlebot4_node/leds.hpp
[68.440s] -- Symlinking: /home/brian/robo450/lesson_enae450_s26/turtlebot4_ws/install/turtlebot4_node/include/turtlebot4_node/service.hpp
[68.455s] -- Symlinking: /home/brian/robo450/lesson_enae450_s26/turtlebot4_ws/install/turtlebot4_node/include/turtlebot4_node/turtlebot4.hpp
[68.474s] -- Symlinking: /home/brian/robo450/lesson_enae450_s26/turtlebot4_ws/install/turtlebot4_node/include/turtlebot4_node/utils.hpp
[68.499s] -- Symlinking: /home/brian/robo450/lesson_enae450_s26/turtlebot4_ws/install/turtlebot4_node/share/ament_index/resource_index/package_run_dependencies/turtlebot4_node
[68.522s] -- Symlinking: /home/brian/robo450/lesson_enae450_s26/turtlebot4_ws/install/turtlebot4_node/share/ament_index/resource_index/parent_prefix_path/turtlebot4_node
[68.543s] -- Symlinking: /home/brian/robo450/lesson_enae450_s26/turtlebot4_ws/install/turtlebot4_node/share/turtlebot4_node/environment/ament_prefix_path.sh
[68.564s] -- Symlinking: /home/brian/robo450/lesson_enae450_s26/turtlebot4_ws/install/turtlebot4_node/share/turtlebot4_node/environment/ament_prefix_path.dsv
[68.586s] -- Symlinking: /home/brian/robo450/lesson_enae450_s26/turtlebot4_ws/install/turtlebot4_node/share/turtlebot4_node/environment/path.sh
[68.609s] -- Symlinking: /home/brian/robo450/lesson_enae450_s26/turtlebot4_ws/install/turtlebot4_node/share/turtlebot4_node/environment/path.dsv
[68.625s] -- Symlinking: /home/brian/robo450/lesson_enae450_s26/turtlebot4_ws/install/turtlebot4_node/share/turtlebot4_node/local_setup.bash
[68.641s] -- Symlinking: /home/brian/robo450/lesson_enae450_s26/turtlebot4_ws/install/turtlebot4_node/share/turtlebot4_node/local_setup.sh
[68.662s] -- Symlinking: /home/brian/robo450/lesson_enae450_s26/turtlebot4_ws/install/turtlebot4_node/share/turtlebot4_node/local_setup.zsh
[68.682s] -- Symlinking: /home/brian/robo450/lesson_enae450_s26/turtlebot4_ws/install/turtlebot4_node/share/turtlebot4_node/local_setup.dsv
[68.699s] -- Symlinking: /home/brian/robo450/lesson_enae450_s26/turtlebot4_ws/install/turtlebot4_node/share/turtlebot4_node/package.dsv
[68.717s] -- Symlinking: /home/brian/robo450/lesson_enae450_s26/turtlebot4_ws/install/turtlebot4_node/share/ament_index/resource_index/packages/turtlebot4_node
[68.742s] -- Symlinking: /home/brian/robo450/lesson_enae450_s26/turtlebot4_ws/install/turtlebot4_node/share/turtlebot4_node/cmake/ament_cmake_export_include_directories-extras.cmake
[68.760s] -- Symlinking: /home/brian/robo450/lesson_enae450_s26/turtlebot4_ws/install/turtlebot4_node/share/turtlebot4_node/cmake/turtlebot4_nodeConfig.cmake
[68.776s] -- Symlinking: /home/brian/robo450/lesson_enae450_s26/turtlebot4_ws/install/turtlebot4_node/share/turtlebot4_node/cmake/turtlebot4_nodeConfig-version.cmake
[68.791s] -- Symlinking: /home/brian/robo450/lesson_enae450_s26/turtlebot4_ws/install/turtlebot4_node/share/turtlebot4_node/package.xml
[68.814s] Invoked command in '/home/brian/robo450/lesson_enae450_s26/turtlebot4_ws/build/turtlebot4_node' returned '0': AMENT_PREFIX_PATH=/home/brian/robo450/lesson_enae450_s26/turtlebot4_ws/install/turtlebot4_msgs:${AMENT_PREFIX_PATH} CMAKE_PREFIX_PATH=/home/brian/robo450/lesson_enae450_s26/turtlebot4_ws/install/turtlebot4_msgs:/opt/ros/jazzy/opt/gz_sim_vendor:/opt/ros/jazzy/opt/gz_sensors_vendor:/opt/ros/jazzy/opt/gz_physics_vendor:/opt/ros/jazzy/opt/sdformat_vendor:/opt/ros/jazzy/opt/gz_gui_vendor:/opt/ros/jazzy/opt/gz_transport_vendor:/opt/ros/jazzy/opt/gz_rendering_vendor:/opt/ros/jazzy/opt/gz_plugin_vendor:/opt/ros/jazzy/opt/gz_fuel_tools_vendor:/opt/ros/jazzy/opt/gz_msgs_vendor:/opt/ros/jazzy/opt/gz_common_vendor:/opt/ros/jazzy/opt/gz_math_vendor:/opt/ros/jazzy/opt/gz_utils_vendor:/opt/ros/jazzy/opt/gz_tools_vendor:/opt/ros/jazzy/opt/gz_ogre_next_vendor:/opt/ros/jazzy/opt/gz_dartsim_vendor:/opt/ros/jazzy/opt/gz_cmake_vendor:/opt/ros/jazzy LD_LIBRARY_PATH=/home/brian/robo450/lesson_enae450_s26/turtlebot4_ws/install/turtlebot4_msgs/lib:${LD_LIBRARY_PATH} PYTHONPATH=/home/brian/robo450/lesson_enae450_s26/turtlebot4_ws/install/turtlebot4_msgs/lib/python3.12/site-packages:${PYTHONPATH} /usr/bin/cmake --install /home/brian/robo450/lesson_enae450_s26/turtlebot4_ws/build/turtlebot4_node
