[0.478s] Invoking command in '/home/brian/robo450/lesson_enae450_s26/turtlebot4_ws/build/turtlebot4_navigation': CMAKE_PREFIX_PATH=${CMAKE_PREFIX_PATH}:/opt/ros/jazzy /usr/bin/cmake /home/brian/robo450/lesson_enae450_s26/turtlebot4_ws/src/turtlebot4/turtlebot4_navigation -DAMENT_CMAKE_SYMLINK_INSTALL=1 -DCMAKE_INSTALL_PREFIX=/home/brian/robo450/lesson_enae450_s26/turtlebot4_ws/install/turtlebot4_navigation
[0.724s] -- The C compiler identification is GNU 13.3.0
[1.921s] -- The CXX compiler identification is GNU 13.3.0
[2.841s] -- Detecting C compiler ABI info
[3.394s] -- Detecting C compiler ABI info - done
[3.414s] -- Check for working C compiler: /usr/bin/cc - skipped
[3.416s] -- Detecting C compile features
[3.417s] -- Detecting C compile features - done
[3.539s] -- Detecting CXX compiler ABI info
[3.972s] -- Detecting CXX compiler ABI info - done
[3.990s] -- Check for working CXX compiler: /usr/bin/c++ - skipped
[3.991s] -- Detecting CXX compile features
[3.994s] -- Detecting CXX compile features - done
[4.003s] -- Found ament_cmake: 2.5.5 (/opt/ros/jazzy/share/ament_cmake/cmake)
[4.358s] -- Found Python3: /usr/bin/python3 (found version "3.12.3") found components: Interpreter 
[4.538s] -- Override CMake install command with custom implementation using symlinks instead of copying resources
[4.920s] -- Found ament_lint_auto: 0.17.4 (/opt/ros/jazzy/share/ament_lint_auto/cmake)
[5.158s] -- Added test 'copyright' to check source files copyright and LICENSE
[5.165s] -- Added test 'flake8' to check Python code syntax and style conventions
[5.166s] -- Configured 'flake8' exclude dirs and/or files: 
[5.172s] -- Added test 'lint_cmake' to check CMake code style
[5.175s] -- Added test 'pep257' to check Python code against some of the docstring style conventions in PEP 257
[5.181s] -- Added test 'xmllint' to check XML markup files
[5.190s] -- Configuring done (4.7s)
[5.203s] -- Generating done (0.0s)
[5.210s] -- Build files have been written to: /home/brian/robo450/lesson_enae450_s26/turtlebot4_ws/build/turtlebot4_navigation
[5.225s] Invoked command in '/home/brian/robo450/lesson_enae450_s26/turtlebot4_ws/build/turtlebot4_navigation' returned '0': CMAKE_PREFIX_PATH=${CMAKE_PREFIX_PATH}:/opt/ros/jazzy /usr/bin/cmake /home/brian/robo450/lesson_enae450_s26/turtlebot4_ws/src/turtlebot4/turtlebot4_navigation -DAMENT_CMAKE_SYMLINK_INSTALL=1 -DCMAKE_INSTALL_PREFIX=/home/brian/robo450/lesson_enae450_s26/turtlebot4_ws/install/turtlebot4_navigation
[5.229s] Invoking command in '/home/brian/robo450/lesson_enae450_s26/turtlebot4_ws/build/turtlebot4_navigation': CMAKE_PREFIX_PATH=${CMAKE_PREFIX_PATH}:/opt/ros/jazzy /usr/bin/cmake --build /home/brian/robo450/lesson_enae450_s26/turtlebot4_ws/build/turtlebot4_navigation -- -j24 -l24
[5.352s] Built target ament_cmake_python_symlink_turtlebot4_navigation
[5.820s] running egg_info
[5.821s] creating turtlebot4_navigation.egg-info
[5.859s] writing turtlebot4_navigation.egg-info/PKG-INFO
[5.860s] writing dependency_links to turtlebot4_navigation.egg-info/dependency_links.txt
[5.860s] writing top-level names to turtlebot4_navigation.egg-info/top_level.txt
[5.861s] writing manifest file 'turtlebot4_navigation.egg-info/SOURCES.txt'
[5.989s] reading manifest file 'turtlebot4_navigation.egg-info/SOURCES.txt'
[5.991s] writing manifest file 'turtlebot4_navigation.egg-info/SOURCES.txt'
[6.067s] Built target ament_cmake_python_build_turtlebot4_navigation_egg
[6.091s] Invoked command in '/home/brian/robo450/lesson_enae450_s26/turtlebot4_ws/build/turtlebot4_navigation' returned '0': CMAKE_PREFIX_PATH=${CMAKE_PREFIX_PATH}:/opt/ros/jazzy /usr/bin/cmake --build /home/brian/robo450/lesson_enae450_s26/turtlebot4_ws/build/turtlebot4_navigation -- -j24 -l24
[6.095s] Invoking command in '/home/brian/robo450/lesson_enae450_s26/turtlebot4_ws/build/turtlebot4_navigation': CMAKE_PREFIX_PATH=${CMAKE_PREFIX_PATH}:/opt/ros/jazzy /usr/bin/cmake --install /home/brian/robo450/lesson_enae450_s26/turtlebot4_ws/build/turtlebot4_navigation
[6.107s] -- Install configuration: ""
[6.108s] -- Execute custom install script
[6.110s] -- Symlinking: /home/brian/robo450/lesson_enae450_s26/turtlebot4_ws/install/turtlebot4_navigation/share/turtlebot4_navigation/config/localization.yaml
[6.127s] -- Symlinking: /home/brian/robo450/lesson_enae450_s26/turtlebot4_ws/install/turtlebot4_navigation/share/turtlebot4_navigation/config/nav2.yaml
[6.145s] -- Symlinking: /home/brian/robo450/lesson_enae450_s26/turtlebot4_ws/install/turtlebot4_navigation/share/turtlebot4_navigation/config/slam.yaml
[6.165s] -- Symlinking: /home/brian/robo450/lesson_enae450_s26/turtlebot4_ws/install/turtlebot4_navigation/share/turtlebot4_navigation/launch/localization.launch.py
[6.181s] -- Symlinking: /home/brian/robo450/lesson_enae450_s26/turtlebot4_ws/install/turtlebot4_navigation/share/turtlebot4_navigation/launch/nav2.launch.py
[6.198s] -- Symlinking: /home/brian/robo450/lesson_enae450_s26/turtlebot4_ws/install/turtlebot4_navigation/share/turtlebot4_navigation/launch/slam.launch.py
[6.217s] -- Symlinking: /home/brian/robo450/lesson_enae450_s26/turtlebot4_ws/install/turtlebot4_navigation/share/turtlebot4_navigation/maps/depot.pgm
[6.235s] -- Symlinking: /home/brian/robo450/lesson_enae450_s26/turtlebot4_ws/install/turtlebot4_navigation/share/turtlebot4_navigation/maps/depot.yaml
[6.257s] -- Symlinking: /home/brian/robo450/lesson_enae450_s26/turtlebot4_ws/install/turtlebot4_navigation/share/turtlebot4_navigation/maps/maze.pgm
[6.273s] -- Symlinking: /home/brian/robo450/lesson_enae450_s26/turtlebot4_ws/install/turtlebot4_navigation/share/turtlebot4_navigation/maps/maze.yaml
[6.292s] -- Symlinking: /home/brian/robo450/lesson_enae450_s26/turtlebot4_ws/install/turtlebot4_navigation/share/turtlebot4_navigation/maps/warehouse.pgm
[6.309s] -- Symlinking: /home/brian/robo450/lesson_enae450_s26/turtlebot4_ws/install/turtlebot4_navigation/share/turtlebot4_navigation/maps/warehouse.yaml
[6.331s] -- Symlinking: /home/brian/robo450/lesson_enae450_s26/turtlebot4_ws/install/turtlebot4_navigation/share/turtlebot4_navigation/environment/pythonpath.sh
[6.352s] -- Symlinking: /home/brian/robo450/lesson_enae450_s26/turtlebot4_ws/install/turtlebot4_navigation/share/turtlebot4_navigation/environment/pythonpath.dsv
[6.379s] -- Symlinking: /home/brian/robo450/lesson_enae450_s26/turtlebot4_ws/install/turtlebot4_navigation/lib/python3.12/site-packages/turtlebot4_navigation-2.1.1-py3.12.egg-info/PKG-INFO
[6.398s] -- Symlinking: /home/brian/robo450/lesson_enae450_s26/turtlebot4_ws/install/turtlebot4_navigation/lib/python3.12/site-packages/turtlebot4_navigation-2.1.1-py3.12.egg-info/SOURCES.txt
[6.419s] -- Symlinking: /home/brian/robo450/lesson_enae450_s26/turtlebot4_ws/install/turtlebot4_navigation/lib/python3.12/site-packages/turtlebot4_navigation-2.1.1-py3.12.egg-info/dependency_links.txt
[6.437s] -- Symlinking: /home/brian/robo450/lesson_enae450_s26/turtlebot4_ws/install/turtlebot4_navigation/lib/python3.12/site-packages/turtlebot4_navigation-2.1.1-py3.12.egg-info/top_level.txt
[6.455s] -- Symlinking: /home/brian/robo450/lesson_enae450_s26/turtlebot4_ws/install/turtlebot4_navigation/lib/python3.12/site-packages/turtlebot4_navigation/__init__.py
[6.473s] -- Symlinking: /home/brian/robo450/lesson_enae450_s26/turtlebot4_ws/install/turtlebot4_navigation/lib/python3.12/site-packages/turtlebot4_navigation/turtlebot4_navigator.py
[6.489s] -- Symlinking: /home/brian/robo450/lesson_enae450_s26/turtlebot4_ws/install/turtlebot4_navigation/lib/python3.12/site-packages/turtlebot4_navigator.py
[6.507s] -- Symlinking: /home/brian/robo450/lesson_enae450_s26/turtlebot4_ws/install/turtlebot4_navigation/share/ament_index/resource_index/package_run_dependencies/turtlebot4_navigation
[6.525s] -- Symlinking: /home/brian/robo450/lesson_enae450_s26/turtlebot4_ws/install/turtlebot4_navigation/share/ament_index/resource_index/parent_prefix_path/turtlebot4_navigation
[6.541s] -- Symlinking: /home/brian/robo450/lesson_enae450_s26/turtlebot4_ws/install/turtlebot4_navigation/share/turtlebot4_navigation/environment/ament_prefix_path.sh
[6.560s] -- Symlinking: /home/brian/robo450/lesson_enae450_s26/turtlebot4_ws/install/turtlebot4_navigation/share/turtlebot4_navigation/environment/ament_prefix_path.dsv
[6.578s] -- Symlinking: /home/brian/robo450/lesson_enae450_s26/turtlebot4_ws/install/turtlebot4_navigation/share/turtlebot4_navigation/environment/path.sh
[6.596s] -- Symlinking: /home/brian/robo450/lesson_enae450_s26/turtlebot4_ws/install/turtlebot4_navigation/share/turtlebot4_navigation/environment/path.dsv
[6.616s] -- Symlinking: /home/brian/robo450/lesson_enae450_s26/turtlebot4_ws/install/turtlebot4_navigation/share/turtlebot4_navigation/local_setup.bash
[6.630s] -- Symlinking: /home/brian/robo450/lesson_enae450_s26/turtlebot4_ws/install/turtlebot4_navigation/share/turtlebot4_navigation/local_setup.sh
[6.649s] -- Symlinking: /home/brian/robo450/lesson_enae450_s26/turtlebot4_ws/install/turtlebot4_navigation/share/turtlebot4_navigation/local_setup.zsh
[6.664s] -- Symlinking: /home/brian/robo450/lesson_enae450_s26/turtlebot4_ws/install/turtlebot4_navigation/share/turtlebot4_navigation/local_setup.dsv
[6.685s] -- Symlinking: /home/brian/robo450/lesson_enae450_s26/turtlebot4_ws/install/turtlebot4_navigation/share/turtlebot4_navigation/package.dsv
[6.705s] -- Symlinking: /home/brian/robo450/lesson_enae450_s26/turtlebot4_ws/install/turtlebot4_navigation/share/ament_index/resource_index/packages/turtlebot4_navigation
[6.725s] -- Symlinking: /home/brian/robo450/lesson_enae450_s26/turtlebot4_ws/install/turtlebot4_navigation/share/turtlebot4_navigation/cmake/turtlebot4_navigationConfig.cmake
[6.745s] -- Symlinking: /home/brian/robo450/lesson_enae450_s26/turtlebot4_ws/install/turtlebot4_navigation/share/turtlebot4_navigation/cmake/turtlebot4_navigationConfig-version.cmake
[6.765s] -- Symlinking: /home/brian/robo450/lesson_enae450_s26/turtlebot4_ws/install/turtlebot4_navigation/share/turtlebot4_navigation/package.xml
[6.861s] Listing '/home/brian/robo450/lesson_enae450_s26/turtlebot4_ws/install/turtlebot4_navigation/lib/python3.12/site-packages/turtlebot4_navigation'...
[6.861s] Compiling '/home/brian/robo450/lesson_enae450_s26/turtlebot4_ws/install/turtlebot4_navigation/lib/python3.12/site-packages/turtlebot4_navigation/__init__.py'...
[6.861s] Compiling '/home/brian/robo450/lesson_enae450_s26/turtlebot4_ws/install/turtlebot4_navigation/lib/python3.12/site-packages/turtlebot4_navigation/turtlebot4_navigator.py'...
[6.938s] Compiling '/home/brian/robo450/lesson_enae450_s26/turtlebot4_ws/install/turtlebot4_navigation/lib/python3.12/site-packages/turtlebot4_navigator.py'...
[6.955s] Invoked command in '/home/brian/robo450/lesson_enae450_s26/turtlebot4_ws/build/turtlebot4_navigation' returned '0': CMAKE_PREFIX_PATH=${CMAKE_PREFIX_PATH}:/opt/ros/jazzy /usr/bin/cmake --install /home/brian/robo450/lesson_enae450_s26/turtlebot4_ws/build/turtlebot4_navigation
