-- The C compiler identification is GNU 13.3.0
-- The CXX compiler identification is GNU 13.3.0
-- Detecting C compiler ABI info
-- Detecting C compiler ABI info - done
-- Check for working C compiler: /usr/bin/cc - skipped
-- Detecting C compile features
-- Detecting C compile features - done
-- Detecting CXX compiler ABI info
-- Detecting CXX compiler ABI info - done
-- Check for working CXX compiler: /usr/bin/c++ - skipped
-- Detecting CXX compile features
-- Detecting CXX compile features - done
-- Found ament_cmake: 2.5.5 (/opt/ros/jazzy/share/ament_cmake/cmake)
-- Found Python3: /usr/bin/python3 (found version "3.12.3") found components: Interpreter 
-- Override CMake install command with custom implementation using symlinks instead of copying resources
-- Found turtlebot4_node: 2.1.1 (/home/brian/robo450/lesson_enae450_s26/turtlebot4_ws/install/turtlebot4_node/share/turtlebot4_node/cmake)
-- Found turtlebot4_description: 2.1.1 (/home/brian/robo450/lesson_enae450_s26/turtlebot4_ws/install/turtlebot4_description/share/turtlebot4_description/cmake)
-- Found depthai_ros_msgs: 2.12.2 (/opt/ros/jazzy/share/depthai_ros_msgs/cmake)
-- Found rosidl_generator_c: 4.6.7 (/opt/ros/jazzy/share/rosidl_generator_c/cmake)
-- Found rosidl_generator_cpp: 4.6.7 (/opt/ros/jazzy/share/rosidl_generator_cpp/cmake)
-- Using all available rosidl_typesupport_c: rosidl_typesupport_fastrtps_c;rosidl_typesupport_introspection_c
-- Using all available rosidl_typesupport_cpp: rosidl_typesupport_fastrtps_cpp;rosidl_typesupport_introspection_cpp
-- Found depthai_bridge: 2.12.2 (/opt/ros/jazzy/share/depthai_bridge/cmake)
-- Found rmw_implementation_cmake: 7.3.3 (/opt/ros/jazzy/share/rmw_implementation_cmake/cmake)
-- Found rmw_fastrtps_cpp: 8.4.3 (/opt/ros/jazzy/share/rmw_fastrtps_cpp/cmake)
-- Found OpenSSL: /usr/lib/x86_64-linux-gnu/libcrypto.so (found version "3.0.13")  
-- Found FastRTPS: /opt/ros/jazzy/include (Required is at least version "2.13") 
-- Using RMW implementation 'rmw_fastrtps_cpp' as default
-- Setting yaml-cpp_DIR to: '/opt/ros/jazzy/share/yaml_cpp_vendor/cmake/../../../opt/yaml_cpp_vendor/share/cmake/yaml-cpp'
-- Found eigen3_cmake_module: 0.3.0 (/opt/ros/jazzy/share/eigen3_cmake_module/cmake)
-- Found Eigen3: TRUE (found version "3.4.0") 
-- Ensuring Eigen3 include directory is part of orocos-kdl CMake target
-- Found depthai_examples: 2.12.2 (/opt/ros/jazzy/share/depthai_examples/cmake)
-- Found rplidar_ros: 2.1.0 (/opt/ros/jazzy/share/rplidar_ros/cmake)
-- Found joy_linux: 3.3.0 (/opt/ros/jazzy/share/joy_linux/cmake)
-- Found teleop_twist_joy: 2.6.5 (/opt/ros/jazzy/share/teleop_twist_joy/cmake)
-- Found ament_lint_auto: 0.17.4 (/opt/ros/jazzy/share/ament_lint_auto/cmake)
-- Added test 'copyright' to check source files copyright and LICENSE
-- Added test 'flake8' to check Python code syntax and style conventions
-- Configured 'flake8' exclude dirs and/or files: 
-- Added test 'lint_cmake' to check CMake code style
-- Added test 'pep257' to check Python code against some of the docstring style conventions in PEP 257
-- Configuring done (7.6s)
-- Generating done (0.0s)
-- Build files have been written to: /home/brian/robo450/lesson_enae450_s26/turtlebot4_ws/build/turtlebot4_bringup
-- Install configuration: ""
-- Execute custom install script
-- Symlinking: /home/brian/robo450/lesson_enae450_s26/turtlebot4_ws/install/turtlebot4_bringup/share/turtlebot4_bringup/launch/joy_teleop.launch.py
-- Symlinking: /home/brian/robo450/lesson_enae450_s26/turtlebot4_ws/install/turtlebot4_bringup/share/turtlebot4_bringup/launch/lite.launch.py
-- Symlinking: /home/brian/robo450/lesson_enae450_s26/turtlebot4_ws/install/turtlebot4_bringup/share/turtlebot4_bringup/launch/oakd.launch.py
-- Symlinking: /home/brian/robo450/lesson_enae450_s26/turtlebot4_ws/install/turtlebot4_bringup/share/turtlebot4_bringup/launch/oakd_example.launch.py
-- Symlinking: /home/brian/robo450/lesson_enae450_s26/turtlebot4_ws/install/turtlebot4_bringup/share/turtlebot4_bringup/launch/robot.launch.py
-- Symlinking: /home/brian/robo450/lesson_enae450_s26/turtlebot4_ws/install/turtlebot4_bringup/share/turtlebot4_bringup/launch/rplidar.launch.py
-- Symlinking: /home/brian/robo450/lesson_enae450_s26/turtlebot4_ws/install/turtlebot4_bringup/share/turtlebot4_bringup/launch/standard.launch.py
-- Symlinking: /home/brian/robo450/lesson_enae450_s26/turtlebot4_ws/install/turtlebot4_bringup/share/turtlebot4_bringup/config/oakd_lite.yaml
-- Symlinking: /home/brian/robo450/lesson_enae450_s26/turtlebot4_ws/install/turtlebot4_bringup/share/turtlebot4_bringup/config/oakd_pro.yaml
-- Symlinking: /home/brian/robo450/lesson_enae450_s26/turtlebot4_ws/install/turtlebot4_bringup/share/turtlebot4_bringup/config/republisher.yaml
-- Symlinking: /home/brian/robo450/lesson_enae450_s26/turtlebot4_ws/install/turtlebot4_bringup/share/turtlebot4_bringup/config/turtlebot4.yaml
-- Symlinking: /home/brian/robo450/lesson_enae450_s26/turtlebot4_ws/install/turtlebot4_bringup/share/turtlebot4_bringup/config/turtlebot4_controller.config.yaml
-- Symlinking: /home/brian/robo450/lesson_enae450_s26/turtlebot4_ws/install/turtlebot4_bringup/share/ament_index/resource_index/package_run_dependencies/turtlebot4_bringup
-- Symlinking: /home/brian/robo450/lesson_enae450_s26/turtlebot4_ws/install/turtlebot4_bringup/share/ament_index/resource_index/parent_prefix_path/turtlebot4_bringup
-- Symlinking: /home/brian/robo450/lesson_enae450_s26/turtlebot4_ws/install/turtlebot4_bringup/share/turtlebot4_bringup/environment/ament_prefix_path.sh
-- Symlinking: /home/brian/robo450/lesson_enae450_s26/turtlebot4_ws/install/turtlebot4_bringup/share/turtlebot4_bringup/environment/ament_prefix_path.dsv
-- Symlinking: /home/brian/robo450/lesson_enae450_s26/turtlebot4_ws/install/turtlebot4_bringup/share/turtlebot4_bringup/environment/path.sh
-- Symlinking: /home/brian/robo450/lesson_enae450_s26/turtlebot4_ws/install/turtlebot4_bringup/share/turtlebot4_bringup/environment/path.dsv
-- Symlinking: /home/brian/robo450/lesson_enae450_s26/turtlebot4_ws/install/turtlebot4_bringup/share/turtlebot4_bringup/local_setup.bash
-- Symlinking: /home/brian/robo450/lesson_enae450_s26/turtlebot4_ws/install/turtlebot4_bringup/share/turtlebot4_bringup/local_setup.sh
-- Symlinking: /home/brian/robo450/lesson_enae450_s26/turtlebot4_ws/install/turtlebot4_bringup/share/turtlebot4_bringup/local_setup.zsh
-- Symlinking: /home/brian/robo450/lesson_enae450_s26/turtlebot4_ws/install/turtlebot4_bringup/share/turtlebot4_bringup/local_setup.dsv
-- Symlinking: /home/brian/robo450/lesson_enae450_s26/turtlebot4_ws/install/turtlebot4_bringup/share/turtlebot4_bringup/package.dsv
-- Symlinking: /home/brian/robo450/lesson_enae450_s26/turtlebot4_ws/install/turtlebot4_bringup/share/ament_index/resource_index/packages/turtlebot4_bringup
-- Symlinking: /home/brian/robo450/lesson_enae450_s26/turtlebot4_ws/install/turtlebot4_bringup/share/turtlebot4_bringup/cmake/turtlebot4_bringupConfig.cmake
-- Symlinking: /home/brian/robo450/lesson_enae450_s26/turtlebot4_ws/install/turtlebot4_bringup/share/turtlebot4_bringup/cmake/turtlebot4_bringupConfig-version.cmake
-- Symlinking: /home/brian/robo450/lesson_enae450_s26/turtlebot4_ws/install/turtlebot4_bringup/share/turtlebot4_bringup/package.xml
