[0.507s] Invoking command in '/home/brian/robo450/lesson_enae450_s26/turtlebot4_ws/build/turtlebot4_bringup': AMENT_PREFIX_PATH=/home/brian/robo450/lesson_enae450_s26/turtlebot4_ws/install/turtlebot4_node:/home/brian/robo450/lesson_enae450_s26/turtlebot4_ws/install/turtlebot4_msgs:/home/brian/robo450/lesson_enae450_s26/turtlebot4_ws/install/turtlebot4_diagnostics:/home/brian/robo450/lesson_enae450_s26/turtlebot4_ws/install/turtlebot4_description:${AMENT_PREFIX_PATH} CMAKE_PREFIX_PATH=/home/brian/robo450/lesson_enae450_s26/turtlebot4_ws/install/turtlebot4_node:/home/brian/robo450/lesson_enae450_s26/turtlebot4_ws/install/turtlebot4_msgs:/home/brian/robo450/lesson_enae450_s26/turtlebot4_ws/install/turtlebot4_description:/opt/ros/jazzy/opt/gz_sim_vendor:/opt/ros/jazzy/opt/gz_sensors_vendor:/opt/ros/jazzy/opt/gz_physics_vendor:/opt/ros/jazzy/opt/sdformat_vendor:/opt/ros/jazzy/opt/gz_gui_vendor:/opt/ros/jazzy/opt/gz_transport_vendor:/opt/ros/jazzy/opt/gz_rendering_vendor:/opt/ros/jazzy/opt/gz_plugin_vendor:/opt/ros/jazzy/opt/gz_fuel_tools_vendor:/opt/ros/jazzy/opt/gz_msgs_vendor:/opt/ros/jazzy/opt/gz_common_vendor:/opt/ros/jazzy/opt/gz_math_vendor:/opt/ros/jazzy/opt/gz_utils_vendor:/opt/ros/jazzy/opt/gz_tools_vendor:/opt/ros/jazzy/opt/gz_ogre_next_vendor:/opt/ros/jazzy/opt/gz_dartsim_vendor:/opt/ros/jazzy/opt/gz_cmake_vendor:/opt/ros/jazzy LD_LIBRARY_PATH=/home/brian/robo450/lesson_enae450_s26/turtlebot4_ws/install/turtlebot4_msgs/lib:${LD_LIBRARY_PATH} PYTHONPATH=/home/brian/robo450/lesson_enae450_s26/turtlebot4_ws/install/turtlebot4_msgs/lib/python3.12/site-packages:/home/brian/robo450/lesson_enae450_s26/turtlebot4_ws/build/turtlebot4_diagnostics:/home/brian/robo450/lesson_enae450_s26/turtlebot4_ws/install/turtlebot4_diagnostics/lib/python3.12/site-packages:${PYTHONPATH} /usr/bin/cmake /home/brian/robo450/lesson_enae450_s26/turtlebot4_ws/src/turtlebot4_robot/turtlebot4_bringup -DAMENT_CMAKE_SYMLINK_INSTALL=1 -DCMAKE_INSTALL_PREFIX=/home/brian/robo450/lesson_enae450_s26/turtlebot4_ws/install/turtlebot4_bringup
[0.784s] -- The C compiler identification is GNU 13.3.0
[2.064s] -- The CXX compiler identification is GNU 13.3.0
[2.854s] -- Detecting C compiler ABI info
[3.327s] -- Detecting C compiler ABI info - done
[3.341s] -- Check for working C compiler: /usr/bin/cc - skipped
[3.342s] -- Detecting C compile features
[3.343s] -- Detecting C compile features - done
[3.518s] -- Detecting CXX compiler ABI info
[4.067s] -- Detecting CXX compiler ABI info - done
[4.091s] -- Check for working CXX compiler: /usr/bin/c++ - skipped
[4.092s] -- Detecting CXX compile features
[4.094s] -- Detecting CXX compile features - done
[4.103s] -- Found ament_cmake: 2.5.5 (/opt/ros/jazzy/share/ament_cmake/cmake)
[4.378s] -- Found Python3: /usr/bin/python3 (found version "3.12.3") found components: Interpreter 
[4.502s] -- Override CMake install command with custom implementation using symlinks instead of copying resources
[4.581s] -- Found turtlebot4_node: 2.1.1 (/home/brian/robo450/lesson_enae450_s26/turtlebot4_ws/install/turtlebot4_node/share/turtlebot4_node/cmake)
[4.584s] -- Found turtlebot4_description: 2.1.1 (/home/brian/robo450/lesson_enae450_s26/turtlebot4_ws/install/turtlebot4_description/share/turtlebot4_description/cmake)
[4.592s] -- Found depthai_ros_msgs: 2.12.2 (/opt/ros/jazzy/share/depthai_ros_msgs/cmake)
[4.964s] -- Found rosidl_generator_c: 4.6.7 (/opt/ros/jazzy/share/rosidl_generator_c/cmake)
[4.994s] -- Found rosidl_generator_cpp: 4.6.7 (/opt/ros/jazzy/share/rosidl_generator_cpp/cmake)
[5.035s] -- Using all available rosidl_typesupport_c: rosidl_typesupport_fastrtps_c;rosidl_typesupport_introspection_c
[5.071s] -- Using all available rosidl_typesupport_cpp: rosidl_typesupport_fastrtps_cpp;rosidl_typesupport_introspection_cpp
[5.383s] -- Found depthai_bridge: 2.12.2 (/opt/ros/jazzy/share/depthai_bridge/cmake)
[5.529s] -- Found rmw_implementation_cmake: 7.3.3 (/opt/ros/jazzy/share/rmw_implementation_cmake/cmake)
[5.541s] -- Found rmw_fastrtps_cpp: 8.4.3 (/opt/ros/jazzy/share/rmw_fastrtps_cpp/cmake)
[5.721s] -- Found OpenSSL: /usr/lib/x86_64-linux-gnu/libcrypto.so (found version "3.0.13")  
[6.090s] -- Found FastRTPS: /opt/ros/jazzy/include (Required is at least version "2.13") 
[6.266s] -- Using RMW implementation 'rmw_fastrtps_cpp' as default
[6.669s] -- Setting yaml-cpp_DIR to: '/opt/ros/jazzy/share/yaml_cpp_vendor/cmake/../../../opt/yaml_cpp_vendor/share/cmake/yaml-cpp'
[7.624s] -- Found eigen3_cmake_module: 0.3.0 (/opt/ros/jazzy/share/eigen3_cmake_module/cmake)
[7.629s] -- Found Eigen3: TRUE (found version "3.4.0") 
[7.629s] -- Ensuring Eigen3 include directory is part of orocos-kdl CMake target
[7.695s] -- Found depthai_examples: 2.12.2 (/opt/ros/jazzy/share/depthai_examples/cmake)
[7.706s] -- Found rplidar_ros: 2.1.0 (/opt/ros/jazzy/share/rplidar_ros/cmake)
[7.767s] -- Found joy_linux: 3.3.0 (/opt/ros/jazzy/share/joy_linux/cmake)
[7.786s] -- Found teleop_twist_joy: 2.6.5 (/opt/ros/jazzy/share/teleop_twist_joy/cmake)
[7.804s] -- Found ament_lint_auto: 0.17.4 (/opt/ros/jazzy/share/ament_lint_auto/cmake)
[8.120s] -- Added test 'copyright' to check source files copyright and LICENSE
[8.129s] -- Added test 'flake8' to check Python code syntax and style conventions
[8.129s] -- Configured 'flake8' exclude dirs and/or files: 
[8.132s] -- Added test 'lint_cmake' to check CMake code style
[8.134s] -- Added test 'pep257' to check Python code against some of the docstring style conventions in PEP 257
[8.141s] -- Configuring done (7.6s)
[8.164s] -- Generating done (0.0s)
[8.173s] -- Build files have been written to: /home/brian/robo450/lesson_enae450_s26/turtlebot4_ws/build/turtlebot4_bringup
[8.203s] Invoked command in '/home/brian/robo450/lesson_enae450_s26/turtlebot4_ws/build/turtlebot4_bringup' returned '0': AMENT_PREFIX_PATH=/home/brian/robo450/lesson_enae450_s26/turtlebot4_ws/install/turtlebot4_node:/home/brian/robo450/lesson_enae450_s26/turtlebot4_ws/install/turtlebot4_msgs:/home/brian/robo450/lesson_enae450_s26/turtlebot4_ws/install/turtlebot4_diagnostics:/home/brian/robo450/lesson_enae450_s26/turtlebot4_ws/install/turtlebot4_description:${AMENT_PREFIX_PATH} CMAKE_PREFIX_PATH=/home/brian/robo450/lesson_enae450_s26/turtlebot4_ws/install/turtlebot4_node:/home/brian/robo450/lesson_enae450_s26/turtlebot4_ws/install/turtlebot4_msgs:/home/brian/robo450/lesson_enae450_s26/turtlebot4_ws/install/turtlebot4_description:/opt/ros/jazzy/opt/gz_sim_vendor:/opt/ros/jazzy/opt/gz_sensors_vendor:/opt/ros/jazzy/opt/gz_physics_vendor:/opt/ros/jazzy/opt/sdformat_vendor:/opt/ros/jazzy/opt/gz_gui_vendor:/opt/ros/jazzy/opt/gz_transport_vendor:/opt/ros/jazzy/opt/gz_rendering_vendor:/opt/ros/jazzy/opt/gz_plugin_vendor:/opt/ros/jazzy/opt/gz_fuel_tools_vendor:/opt/ros/jazzy/opt/gz_msgs_vendor:/opt/ros/jazzy/opt/gz_common_vendor:/opt/ros/jazzy/opt/gz_math_vendor:/opt/ros/jazzy/opt/gz_utils_vendor:/opt/ros/jazzy/opt/gz_tools_vendor:/opt/ros/jazzy/opt/gz_ogre_next_vendor:/opt/ros/jazzy/opt/gz_dartsim_vendor:/opt/ros/jazzy/opt/gz_cmake_vendor:/opt/ros/jazzy LD_LIBRARY_PATH=/home/brian/robo450/lesson_enae450_s26/turtlebot4_ws/install/turtlebot4_msgs/lib:${LD_LIBRARY_PATH} PYTHONPATH=/home/brian/robo450/lesson_enae450_s26/turtlebot4_ws/install/turtlebot4_msgs/lib/python3.12/site-packages:/home/brian/robo450/lesson_enae450_s26/turtlebot4_ws/build/turtlebot4_diagnostics:/home/brian/robo450/lesson_enae450_s26/turtlebot4_ws/install/turtlebot4_diagnostics/lib/python3.12/site-packages:${PYTHONPATH} /usr/bin/cmake /home/brian/robo450/lesson_enae450_s26/turtlebot4_ws/src/turtlebot4_robot/turtlebot4_bringup -DAMENT_CMAKE_SYMLINK_INSTALL=1 -DCMAKE_INSTALL_PREFIX=/home/brian/robo450/lesson_enae450_s26/turtlebot4_ws/install/turtlebot4_bringup
[8.206s] Invoking command in '/home/brian/robo450/lesson_enae450_s26/turtlebot4_ws/build/turtlebot4_bringup': AMENT_PREFIX_PATH=/home/brian/robo450/lesson_enae450_s26/turtlebot4_ws/install/turtlebot4_node:/home/brian/robo450/lesson_enae450_s26/turtlebot4_ws/install/turtlebot4_msgs:/home/brian/robo450/lesson_enae450_s26/turtlebot4_ws/install/turtlebot4_diagnostics:/home/brian/robo450/lesson_enae450_s26/turtlebot4_ws/install/turtlebot4_description:${AMENT_PREFIX_PATH} CMAKE_PREFIX_PATH=/home/brian/robo450/lesson_enae450_s26/turtlebot4_ws/install/turtlebot4_node:/home/brian/robo450/lesson_enae450_s26/turtlebot4_ws/install/turtlebot4_msgs:/home/brian/robo450/lesson_enae450_s26/turtlebot4_ws/install/turtlebot4_description:/opt/ros/jazzy/opt/gz_sim_vendor:/opt/ros/jazzy/opt/gz_sensors_vendor:/opt/ros/jazzy/opt/gz_physics_vendor:/opt/ros/jazzy/opt/sdformat_vendor:/opt/ros/jazzy/opt/gz_gui_vendor:/opt/ros/jazzy/opt/gz_transport_vendor:/opt/ros/jazzy/opt/gz_rendering_vendor:/opt/ros/jazzy/opt/gz_plugin_vendor:/opt/ros/jazzy/opt/gz_fuel_tools_vendor:/opt/ros/jazzy/opt/gz_msgs_vendor:/opt/ros/jazzy/opt/gz_common_vendor:/opt/ros/jazzy/opt/gz_math_vendor:/opt/ros/jazzy/opt/gz_utils_vendor:/opt/ros/jazzy/opt/gz_tools_vendor:/opt/ros/jazzy/opt/gz_ogre_next_vendor:/opt/ros/jazzy/opt/gz_dartsim_vendor:/opt/ros/jazzy/opt/gz_cmake_vendor:/opt/ros/jazzy LD_LIBRARY_PATH=/home/brian/robo450/lesson_enae450_s26/turtlebot4_ws/install/turtlebot4_msgs/lib:${LD_LIBRARY_PATH} PYTHONPATH=/home/brian/robo450/lesson_enae450_s26/turtlebot4_ws/install/turtlebot4_msgs/lib/python3.12/site-packages:/home/brian/robo450/lesson_enae450_s26/turtlebot4_ws/build/turtlebot4_diagnostics:/home/brian/robo450/lesson_enae450_s26/turtlebot4_ws/install/turtlebot4_diagnostics/lib/python3.12/site-packages:${PYTHONPATH} /usr/bin/cmake --build /home/brian/robo450/lesson_enae450_s26/turtlebot4_ws/build/turtlebot4_bringup -- -j24 -l24
[8.289s] Invoked command in '/home/brian/robo450/lesson_enae450_s26/turtlebot4_ws/build/turtlebot4_bringup' returned '0': AMENT_PREFIX_PATH=/home/brian/robo450/lesson_enae450_s26/turtlebot4_ws/install/turtlebot4_node:/home/brian/robo450/lesson_enae450_s26/turtlebot4_ws/install/turtlebot4_msgs:/home/brian/robo450/lesson_enae450_s26/turtlebot4_ws/install/turtlebot4_diagnostics:/home/brian/robo450/lesson_enae450_s26/turtlebot4_ws/install/turtlebot4_description:${AMENT_PREFIX_PATH} CMAKE_PREFIX_PATH=/home/brian/robo450/lesson_enae450_s26/turtlebot4_ws/install/turtlebot4_node:/home/brian/robo450/lesson_enae450_s26/turtlebot4_ws/install/turtlebot4_msgs:/home/brian/robo450/lesson_enae450_s26/turtlebot4_ws/install/turtlebot4_description:/opt/ros/jazzy/opt/gz_sim_vendor:/opt/ros/jazzy/opt/gz_sensors_vendor:/opt/ros/jazzy/opt/gz_physics_vendor:/opt/ros/jazzy/opt/sdformat_vendor:/opt/ros/jazzy/opt/gz_gui_vendor:/opt/ros/jazzy/opt/gz_transport_vendor:/opt/ros/jazzy/opt/gz_rendering_vendor:/opt/ros/jazzy/opt/gz_plugin_vendor:/opt/ros/jazzy/opt/gz_fuel_tools_vendor:/opt/ros/jazzy/opt/gz_msgs_vendor:/opt/ros/jazzy/opt/gz_common_vendor:/opt/ros/jazzy/opt/gz_math_vendor:/opt/ros/jazzy/opt/gz_utils_vendor:/opt/ros/jazzy/opt/gz_tools_vendor:/opt/ros/jazzy/opt/gz_ogre_next_vendor:/opt/ros/jazzy/opt/gz_dartsim_vendor:/opt/ros/jazzy/opt/gz_cmake_vendor:/opt/ros/jazzy LD_LIBRARY_PATH=/home/brian/robo450/lesson_enae450_s26/turtlebot4_ws/install/turtlebot4_msgs/lib:${LD_LIBRARY_PATH} PYTHONPATH=/home/brian/robo450/lesson_enae450_s26/turtlebot4_ws/install/turtlebot4_msgs/lib/python3.12/site-packages:/home/brian/robo450/lesson_enae450_s26/turtlebot4_ws/build/turtlebot4_diagnostics:/home/brian/robo450/lesson_enae450_s26/turtlebot4_ws/install/turtlebot4_diagnostics/lib/python3.12/site-packages:${PYTHONPATH} /usr/bin/cmake --build /home/brian/robo450/lesson_enae450_s26/turtlebot4_ws/build/turtlebot4_bringup -- -j24 -l24
[8.292s] Invoking command in '/home/brian/robo450/lesson_enae450_s26/turtlebot4_ws/build/turtlebot4_bringup': AMENT_PREFIX_PATH=/home/brian/robo450/lesson_enae450_s26/turtlebot4_ws/install/turtlebot4_node:/home/brian/robo450/lesson_enae450_s26/turtlebot4_ws/install/turtlebot4_msgs:/home/brian/robo450/lesson_enae450_s26/turtlebot4_ws/install/turtlebot4_diagnostics:/home/brian/robo450/lesson_enae450_s26/turtlebot4_ws/install/turtlebot4_description:${AMENT_PREFIX_PATH} CMAKE_PREFIX_PATH=/home/brian/robo450/lesson_enae450_s26/turtlebot4_ws/install/turtlebot4_node:/home/brian/robo450/lesson_enae450_s26/turtlebot4_ws/install/turtlebot4_msgs:/home/brian/robo450/lesson_enae450_s26/turtlebot4_ws/install/turtlebot4_description:/opt/ros/jazzy/opt/gz_sim_vendor:/opt/ros/jazzy/opt/gz_sensors_vendor:/opt/ros/jazzy/opt/gz_physics_vendor:/opt/ros/jazzy/opt/sdformat_vendor:/opt/ros/jazzy/opt/gz_gui_vendor:/opt/ros/jazzy/opt/gz_transport_vendor:/opt/ros/jazzy/opt/gz_rendering_vendor:/opt/ros/jazzy/opt/gz_plugin_vendor:/opt/ros/jazzy/opt/gz_fuel_tools_vendor:/opt/ros/jazzy/opt/gz_msgs_vendor:/opt/ros/jazzy/opt/gz_common_vendor:/opt/ros/jazzy/opt/gz_math_vendor:/opt/ros/jazzy/opt/gz_utils_vendor:/opt/ros/jazzy/opt/gz_tools_vendor:/opt/ros/jazzy/opt/gz_ogre_next_vendor:/opt/ros/jazzy/opt/gz_dartsim_vendor:/opt/ros/jazzy/opt/gz_cmake_vendor:/opt/ros/jazzy LD_LIBRARY_PATH=/home/brian/robo450/lesson_enae450_s26/turtlebot4_ws/install/turtlebot4_msgs/lib:${LD_LIBRARY_PATH} PYTHONPATH=/home/brian/robo450/lesson_enae450_s26/turtlebot4_ws/install/turtlebot4_msgs/lib/python3.12/site-packages:/home/brian/robo450/lesson_enae450_s26/turtlebot4_ws/build/turtlebot4_diagnostics:/home/brian/robo450/lesson_enae450_s26/turtlebot4_ws/install/turtlebot4_diagnostics/lib/python3.12/site-packages:${PYTHONPATH} /usr/bin/cmake --install /home/brian/robo450/lesson_enae450_s26/turtlebot4_ws/build/turtlebot4_bringup
[8.309s] -- Install configuration: ""
[8.310s] -- Execute custom install script
[8.314s] -- Symlinking: /home/brian/robo450/lesson_enae450_s26/turtlebot4_ws/install/turtlebot4_bringup/share/turtlebot4_bringup/launch/joy_teleop.launch.py
[8.333s] -- Symlinking: /home/brian/robo450/lesson_enae450_s26/turtlebot4_ws/install/turtlebot4_bringup/share/turtlebot4_bringup/launch/lite.launch.py
[8.353s] -- Symlinking: /home/brian/robo450/lesson_enae450_s26/turtlebot4_ws/install/turtlebot4_bringup/share/turtlebot4_bringup/launch/oakd.launch.py
[8.369s] -- Symlinking: /home/brian/robo450/lesson_enae450_s26/turtlebot4_ws/install/turtlebot4_bringup/share/turtlebot4_bringup/launch/oakd_example.launch.py
[8.387s] -- Symlinking: /home/brian/robo450/lesson_enae450_s26/turtlebot4_ws/install/turtlebot4_bringup/share/turtlebot4_bringup/launch/robot.launch.py
[8.404s] -- Symlinking: /home/brian/robo450/lesson_enae450_s26/turtlebot4_ws/install/turtlebot4_bringup/share/turtlebot4_bringup/launch/rplidar.launch.py
[8.422s] -- Symlinking: /home/brian/robo450/lesson_enae450_s26/turtlebot4_ws/install/turtlebot4_bringup/share/turtlebot4_bringup/launch/standard.launch.py
[8.443s] -- Symlinking: /home/brian/robo450/lesson_enae450_s26/turtlebot4_ws/install/turtlebot4_bringup/share/turtlebot4_bringup/config/oakd_lite.yaml
[8.462s] -- Symlinking: /home/brian/robo450/lesson_enae450_s26/turtlebot4_ws/install/turtlebot4_bringup/share/turtlebot4_bringup/config/oakd_pro.yaml
[8.477s] -- Symlinking: /home/brian/robo450/lesson_enae450_s26/turtlebot4_ws/install/turtlebot4_bringup/share/turtlebot4_bringup/config/republisher.yaml
[8.494s] -- Symlinking: /home/brian/robo450/lesson_enae450_s26/turtlebot4_ws/install/turtlebot4_bringup/share/turtlebot4_bringup/config/turtlebot4.yaml
[8.510s] -- Symlinking: /home/brian/robo450/lesson_enae450_s26/turtlebot4_ws/install/turtlebot4_bringup/share/turtlebot4_bringup/config/turtlebot4_controller.config.yaml
[8.532s] -- Symlinking: /home/brian/robo450/lesson_enae450_s26/turtlebot4_ws/install/turtlebot4_bringup/share/ament_index/resource_index/package_run_dependencies/turtlebot4_bringup
[8.554s] -- Symlinking: /home/brian/robo450/lesson_enae450_s26/turtlebot4_ws/install/turtlebot4_bringup/share/ament_index/resource_index/parent_prefix_path/turtlebot4_bringup
[8.578s] -- Symlinking: /home/brian/robo450/lesson_enae450_s26/turtlebot4_ws/install/turtlebot4_bringup/share/turtlebot4_bringup/environment/ament_prefix_path.sh
[8.597s] -- Symlinking: /home/brian/robo450/lesson_enae450_s26/turtlebot4_ws/install/turtlebot4_bringup/share/turtlebot4_bringup/environment/ament_prefix_path.dsv
[8.620s] -- Symlinking: /home/brian/robo450/lesson_enae450_s26/turtlebot4_ws/install/turtlebot4_bringup/share/turtlebot4_bringup/environment/path.sh
[8.640s] -- Symlinking: /home/brian/robo450/lesson_enae450_s26/turtlebot4_ws/install/turtlebot4_bringup/share/turtlebot4_bringup/environment/path.dsv
[8.663s] -- Symlinking: /home/brian/robo450/lesson_enae450_s26/turtlebot4_ws/install/turtlebot4_bringup/share/turtlebot4_bringup/local_setup.bash
[8.687s] -- Symlinking: /home/brian/robo450/lesson_enae450_s26/turtlebot4_ws/install/turtlebot4_bringup/share/turtlebot4_bringup/local_setup.sh
[8.712s] -- Symlinking: /home/brian/robo450/lesson_enae450_s26/turtlebot4_ws/install/turtlebot4_bringup/share/turtlebot4_bringup/local_setup.zsh
[8.731s] -- Symlinking: /home/brian/robo450/lesson_enae450_s26/turtlebot4_ws/install/turtlebot4_bringup/share/turtlebot4_bringup/local_setup.dsv
[8.755s] -- Symlinking: /home/brian/robo450/lesson_enae450_s26/turtlebot4_ws/install/turtlebot4_bringup/share/turtlebot4_bringup/package.dsv
[8.775s] -- Symlinking: /home/brian/robo450/lesson_enae450_s26/turtlebot4_ws/install/turtlebot4_bringup/share/ament_index/resource_index/packages/turtlebot4_bringup
[8.800s] -- Symlinking: /home/brian/robo450/lesson_enae450_s26/turtlebot4_ws/install/turtlebot4_bringup/share/turtlebot4_bringup/cmake/turtlebot4_bringupConfig.cmake
[8.827s] -- Symlinking: /home/brian/robo450/lesson_enae450_s26/turtlebot4_ws/install/turtlebot4_bringup/share/turtlebot4_bringup/cmake/turtlebot4_bringupConfig-version.cmake
[8.851s] -- Symlinking: /home/brian/robo450/lesson_enae450_s26/turtlebot4_ws/install/turtlebot4_bringup/share/turtlebot4_bringup/package.xml
[8.879s] Invoked command in '/home/brian/robo450/lesson_enae450_s26/turtlebot4_ws/build/turtlebot4_bringup' returned '0': AMENT_PREFIX_PATH=/home/brian/robo450/lesson_enae450_s26/turtlebot4_ws/install/turtlebot4_node:/home/brian/robo450/lesson_enae450_s26/turtlebot4_ws/install/turtlebot4_msgs:/home/brian/robo450/lesson_enae450_s26/turtlebot4_ws/install/turtlebot4_diagnostics:/home/brian/robo450/lesson_enae450_s26/turtlebot4_ws/install/turtlebot4_description:${AMENT_PREFIX_PATH} CMAKE_PREFIX_PATH=/home/brian/robo450/lesson_enae450_s26/turtlebot4_ws/install/turtlebot4_node:/home/brian/robo450/lesson_enae450_s26/turtlebot4_ws/install/turtlebot4_msgs:/home/brian/robo450/lesson_enae450_s26/turtlebot4_ws/install/turtlebot4_description:/opt/ros/jazzy/opt/gz_sim_vendor:/opt/ros/jazzy/opt/gz_sensors_vendor:/opt/ros/jazzy/opt/gz_physics_vendor:/opt/ros/jazzy/opt/sdformat_vendor:/opt/ros/jazzy/opt/gz_gui_vendor:/opt/ros/jazzy/opt/gz_transport_vendor:/opt/ros/jazzy/opt/gz_rendering_vendor:/opt/ros/jazzy/opt/gz_plugin_vendor:/opt/ros/jazzy/opt/gz_fuel_tools_vendor:/opt/ros/jazzy/opt/gz_msgs_vendor:/opt/ros/jazzy/opt/gz_common_vendor:/opt/ros/jazzy/opt/gz_math_vendor:/opt/ros/jazzy/opt/gz_utils_vendor:/opt/ros/jazzy/opt/gz_tools_vendor:/opt/ros/jazzy/opt/gz_ogre_next_vendor:/opt/ros/jazzy/opt/gz_dartsim_vendor:/opt/ros/jazzy/opt/gz_cmake_vendor:/opt/ros/jazzy LD_LIBRARY_PATH=/home/brian/robo450/lesson_enae450_s26/turtlebot4_ws/install/turtlebot4_msgs/lib:${LD_LIBRARY_PATH} PYTHONPATH=/home/brian/robo450/lesson_enae450_s26/turtlebot4_ws/install/turtlebot4_msgs/lib/python3.12/site-packages:/home/brian/robo450/lesson_enae450_s26/turtlebot4_ws/build/turtlebot4_diagnostics:/home/brian/robo450/lesson_enae450_s26/turtlebot4_ws/install/turtlebot4_diagnostics/lib/python3.12/site-packages:${PYTHONPATH} /usr/bin/cmake --install /home/brian/robo450/lesson_enae450_s26/turtlebot4_ws/build/turtlebot4_bringup
