[2.522s] Invoking command in '/home/brian/robo450/lesson_enae450_s26/turtlebot4_ws/build/turtlebot4_diagnostics': PYTHONPATH=/home/brian/robo450/lesson_enae450_s26/turtlebot4_ws/build/turtlebot4_diagnostics/prefix_override:/usr/lib/python3/dist-packages/colcon_core/task/python/colcon_distutils_commands:/home/brian/robo450/lesson_enae450_s26/turtlebot4_ws/install/turtlebot4_diagnostics/lib/python3.12/site-packages:${PYTHONPATH} /usr/bin/python3 -W ignore:setup.py install is deprecated -W ignore:easy_install command is deprecated setup.py develop --editable --build-directory /home/brian/robo450/lesson_enae450_s26/turtlebot4_ws/build/turtlebot4_diagnostics/build --no-deps symlink_data
[3.183s] running develop
[3.644s] running egg_info
[3.644s] creating turtlebot4_diagnostics.egg-info
[3.689s] writing turtlebot4_diagnostics.egg-info/PKG-INFO
[3.689s] writing dependency_links to turtlebot4_diagnostics.egg-info/dependency_links.txt
[3.690s] writing entry points to turtlebot4_diagnostics.egg-info/entry_points.txt
[3.691s] writing requirements to turtlebot4_diagnostics.egg-info/requires.txt
[3.691s] writing top-level names to turtlebot4_diagnostics.egg-info/top_level.txt
[3.692s] writing manifest file 'turtlebot4_diagnostics.egg-info/SOURCES.txt'
[3.797s] reading manifest file 'turtlebot4_diagnostics.egg-info/SOURCES.txt'
[3.798s] writing manifest file 'turtlebot4_diagnostics.egg-info/SOURCES.txt'
[3.847s] running build_ext
[3.848s] Creating /home/brian/robo450/lesson_enae450_s26/turtlebot4_ws/install/turtlebot4_diagnostics/lib/python3.12/site-packages/turtlebot4-diagnostics.egg-link (link to .)
[3.849s] Installing diagnostics_updater script to /home/brian/robo450/lesson_enae450_s26/turtlebot4_ws/install/turtlebot4_diagnostics/lib/turtlebot4_diagnostics
[3.851s] 
[3.851s] Installed /home/brian/robo450/lesson_enae450_s26/turtlebot4_ws/build/turtlebot4_diagnostics
[3.852s] running symlink_data
[3.853s] creating /home/brian/robo450/lesson_enae450_s26/turtlebot4_ws/install/turtlebot4_diagnostics/share/ament_index
[3.853s] creating /home/brian/robo450/lesson_enae450_s26/turtlebot4_ws/install/turtlebot4_diagnostics/share/ament_index/resource_index
[3.854s] creating /home/brian/robo450/lesson_enae450_s26/turtlebot4_ws/install/turtlebot4_diagnostics/share/ament_index/resource_index/packages
[3.854s] symbolically linking /home/brian/robo450/lesson_enae450_s26/turtlebot4_ws/build/turtlebot4_diagnostics/resource/turtlebot4_diagnostics -> /home/brian/robo450/lesson_enae450_s26/turtlebot4_ws/install/turtlebot4_diagnostics/share/ament_index/resource_index/packages
[3.855s] symbolically linking /home/brian/robo450/lesson_enae450_s26/turtlebot4_ws/build/turtlebot4_diagnostics/package.xml -> /home/brian/robo450/lesson_enae450_s26/turtlebot4_ws/install/turtlebot4_diagnostics/share/turtlebot4_diagnostics
[3.855s] creating /home/brian/robo450/lesson_enae450_s26/turtlebot4_ws/install/turtlebot4_diagnostics/share/turtlebot4_diagnostics/launch
[3.856s] symbolically linking /home/brian/robo450/lesson_enae450_s26/turtlebot4_ws/build/turtlebot4_diagnostics/launch/diagnostics.launch.py -> /home/brian/robo450/lesson_enae450_s26/turtlebot4_ws/install/turtlebot4_diagnostics/share/turtlebot4_diagnostics/launch
[3.856s] creating /home/brian/robo450/lesson_enae450_s26/turtlebot4_ws/install/turtlebot4_diagnostics/share/turtlebot4_diagnostics/config
[3.857s] symbolically linking /home/brian/robo450/lesson_enae450_s26/turtlebot4_ws/build/turtlebot4_diagnostics/config/diagnostics.yaml -> /home/brian/robo450/lesson_enae450_s26/turtlebot4_ws/install/turtlebot4_diagnostics/share/turtlebot4_diagnostics/config
[3.945s] Invoked command in '/home/brian/robo450/lesson_enae450_s26/turtlebot4_ws/build/turtlebot4_diagnostics' returned '0': PYTHONPATH=/home/brian/robo450/lesson_enae450_s26/turtlebot4_ws/build/turtlebot4_diagnostics/prefix_override:/usr/lib/python3/dist-packages/colcon_core/task/python/colcon_distutils_commands:/home/brian/robo450/lesson_enae450_s26/turtlebot4_ws/install/turtlebot4_diagnostics/lib/python3.12/site-packages:${PYTHONPATH} /usr/bin/python3 -W ignore:setup.py install is deprecated -W ignore:easy_install command is deprecated setup.py develop --editable --build-directory /home/brian/robo450/lesson_enae450_s26/turtlebot4_ws/build/turtlebot4_diagnostics/build --no-deps symlink_data
