[0.486s] Invoking command in '/home/brian/robo450/lesson_enae450_s26/turtlebot4_ws/build/turtlebot4_setup': CMAKE_PREFIX_PATH=${CMAKE_PREFIX_PATH}:/opt/ros/jazzy /usr/bin/cmake /home/brian/robo450/lesson_enae450_s26/turtlebot4_ws/src/turtlebot4_setup -DAMENT_CMAKE_SYMLINK_INSTALL=1 -DCMAKE_INSTALL_PREFIX=/home/brian/robo450/lesson_enae450_s26/turtlebot4_ws/install/turtlebot4_setup
[0.713s] -- The C compiler identification is GNU 13.3.0
[1.912s] -- The CXX compiler identification is GNU 13.3.0
[2.884s] -- Detecting C compiler ABI info
[3.386s] -- Detecting C compiler ABI info - done
[3.406s] -- Check for working C compiler: /usr/bin/cc - skipped
[3.407s] -- Detecting C compile features
[3.408s] -- Detecting C compile features - done
[3.529s] -- Detecting CXX compiler ABI info
[3.964s] -- Detecting CXX compiler ABI info - done
[3.982s] -- Check for working CXX compiler: /usr/bin/c++ - skipped
[3.982s] -- Detecting CXX compile features
[3.984s] -- Detecting CXX compile features - done
[3.993s] -- Found ament_cmake: 2.5.5 (/opt/ros/jazzy/share/ament_cmake/cmake)
[4.350s] -- Found Python3: /usr/bin/python3 (found version "3.12.3") found components: Interpreter 
[4.527s] -- Override CMake install command with custom implementation using symlinks instead of copying resources
[4.917s] -- Found ament_lint_auto: 0.17.4 (/opt/ros/jazzy/share/ament_lint_auto/cmake)
[5.148s] -- Added test 'copyright' to check source files copyright and LICENSE
[5.170s] -- Added test 'flake8' to check Python code syntax and style conventions
[5.171s] -- Configured 'flake8' exclude dirs and/or files: 
[5.174s] -- Added test 'lint_cmake' to check CMake code style
[5.178s] -- Added test 'pep257' to check Python code against some of the docstring style conventions in PEP 257
[5.188s] -- Configuring done (4.7s)
[5.202s] -- Generating done (0.0s)
[5.208s] -- Build files have been written to: /home/brian/robo450/lesson_enae450_s26/turtlebot4_ws/build/turtlebot4_setup
[5.224s] Invoked command in '/home/brian/robo450/lesson_enae450_s26/turtlebot4_ws/build/turtlebot4_setup' returned '0': CMAKE_PREFIX_PATH=${CMAKE_PREFIX_PATH}:/opt/ros/jazzy /usr/bin/cmake /home/brian/robo450/lesson_enae450_s26/turtlebot4_ws/src/turtlebot4_setup -DAMENT_CMAKE_SYMLINK_INSTALL=1 -DCMAKE_INSTALL_PREFIX=/home/brian/robo450/lesson_enae450_s26/turtlebot4_ws/install/turtlebot4_setup
[5.227s] Invoking command in '/home/brian/robo450/lesson_enae450_s26/turtlebot4_ws/build/turtlebot4_setup': CMAKE_PREFIX_PATH=${CMAKE_PREFIX_PATH}:/opt/ros/jazzy /usr/bin/cmake --build /home/brian/robo450/lesson_enae450_s26/turtlebot4_ws/build/turtlebot4_setup -- -j24 -l24
[5.351s] Built target ament_cmake_python_symlink_turtlebot4_setup
[5.841s] running egg_info
[5.843s] creating turtlebot4_setup.egg-info
[5.898s] writing turtlebot4_setup.egg-info/PKG-INFO
[5.899s] writing dependency_links to turtlebot4_setup.egg-info/dependency_links.txt
[5.899s] writing top-level names to turtlebot4_setup.egg-info/top_level.txt
[5.899s] writing manifest file 'turtlebot4_setup.egg-info/SOURCES.txt'
[6.014s] reading manifest file 'turtlebot4_setup.egg-info/SOURCES.txt'
[6.015s] writing manifest file 'turtlebot4_setup.egg-info/SOURCES.txt'
[6.091s] Built target ament_cmake_python_build_turtlebot4_setup_egg
[6.113s] Invoked command in '/home/brian/robo450/lesson_enae450_s26/turtlebot4_ws/build/turtlebot4_setup' returned '0': CMAKE_PREFIX_PATH=${CMAKE_PREFIX_PATH}:/opt/ros/jazzy /usr/bin/cmake --build /home/brian/robo450/lesson_enae450_s26/turtlebot4_ws/build/turtlebot4_setup -- -j24 -l24
[6.115s] Invoking command in '/home/brian/robo450/lesson_enae450_s26/turtlebot4_ws/build/turtlebot4_setup': CMAKE_PREFIX_PATH=${CMAKE_PREFIX_PATH}:/opt/ros/jazzy /usr/bin/cmake --install /home/brian/robo450/lesson_enae450_s26/turtlebot4_ws/build/turtlebot4_setup
[6.133s] -- Install configuration: ""
[6.133s] -- Execute custom install script
[6.135s] -- Symlinking: /home/brian/robo450/lesson_enae450_s26/turtlebot4_ws/install/turtlebot4_setup/share/turtlebot4_setup/environment/pythonpath.sh
[6.150s] -- Symlinking: /home/brian/robo450/lesson_enae450_s26/turtlebot4_ws/install/turtlebot4_setup/share/turtlebot4_setup/environment/pythonpath.dsv
[6.175s] -- Symlinking: /home/brian/robo450/lesson_enae450_s26/turtlebot4_ws/install/turtlebot4_setup/lib/python3.12/site-packages/turtlebot4_setup-2.0.3-py3.12.egg-info/PKG-INFO
[6.191s] -- Symlinking: /home/brian/robo450/lesson_enae450_s26/turtlebot4_ws/install/turtlebot4_setup/lib/python3.12/site-packages/turtlebot4_setup-2.0.3-py3.12.egg-info/SOURCES.txt
[6.211s] -- Symlinking: /home/brian/robo450/lesson_enae450_s26/turtlebot4_ws/install/turtlebot4_setup/lib/python3.12/site-packages/turtlebot4_setup-2.0.3-py3.12.egg-info/dependency_links.txt
[6.226s] -- Symlinking: /home/brian/robo450/lesson_enae450_s26/turtlebot4_ws/install/turtlebot4_setup/lib/python3.12/site-packages/turtlebot4_setup-2.0.3-py3.12.egg-info/top_level.txt
[6.249s] -- Symlinking: /home/brian/robo450/lesson_enae450_s26/turtlebot4_ws/install/turtlebot4_setup/lib/python3.12/site-packages/turtlebot4_setup/__init__.py
[6.264s] -- Symlinking: /home/brian/robo450/lesson_enae450_s26/turtlebot4_ws/install/turtlebot4_setup/lib/python3.12/site-packages/turtlebot4_setup/conf.py
[6.282s] -- Symlinking: /home/brian/robo450/lesson_enae450_s26/turtlebot4_ws/install/turtlebot4_setup/lib/python3.12/site-packages/turtlebot4_setup/menu.py
[6.298s] -- Symlinking: /home/brian/robo450/lesson_enae450_s26/turtlebot4_ws/install/turtlebot4_setup/lib/python3.12/site-packages/turtlebot4_setup/ros_setup.py
[6.320s] -- Symlinking: /home/brian/robo450/lesson_enae450_s26/turtlebot4_ws/install/turtlebot4_setup/lib/python3.12/site-packages/turtlebot4_setup/turtlebot4_setup
[6.339s] -- Symlinking: /home/brian/robo450/lesson_enae450_s26/turtlebot4_ws/install/turtlebot4_setup/lib/python3.12/site-packages/turtlebot4_setup/wifi.py
[6.364s] -- Symlinking: /home/brian/robo450/lesson_enae450_s26/turtlebot4_ws/install/turtlebot4_setup/lib/turtlebot4_setup/turtlebot4_setup
[6.386s] -- Symlinking: /home/brian/robo450/lesson_enae450_s26/turtlebot4_ws/install/turtlebot4_setup/share/ament_index/resource_index/package_run_dependencies/turtlebot4_setup
[6.407s] -- Symlinking: /home/brian/robo450/lesson_enae450_s26/turtlebot4_ws/install/turtlebot4_setup/share/ament_index/resource_index/parent_prefix_path/turtlebot4_setup
[6.427s] -- Symlinking: /home/brian/robo450/lesson_enae450_s26/turtlebot4_ws/install/turtlebot4_setup/share/turtlebot4_setup/environment/ament_prefix_path.sh
[6.443s] -- Symlinking: /home/brian/robo450/lesson_enae450_s26/turtlebot4_ws/install/turtlebot4_setup/share/turtlebot4_setup/environment/ament_prefix_path.dsv
[6.460s] -- Symlinking: /home/brian/robo450/lesson_enae450_s26/turtlebot4_ws/install/turtlebot4_setup/share/turtlebot4_setup/environment/path.sh
[6.477s] -- Symlinking: /home/brian/robo450/lesson_enae450_s26/turtlebot4_ws/install/turtlebot4_setup/share/turtlebot4_setup/environment/path.dsv
[6.494s] -- Symlinking: /home/brian/robo450/lesson_enae450_s26/turtlebot4_ws/install/turtlebot4_setup/share/turtlebot4_setup/local_setup.bash
[6.510s] -- Symlinking: /home/brian/robo450/lesson_enae450_s26/turtlebot4_ws/install/turtlebot4_setup/share/turtlebot4_setup/local_setup.sh
[6.526s] -- Symlinking: /home/brian/robo450/lesson_enae450_s26/turtlebot4_ws/install/turtlebot4_setup/share/turtlebot4_setup/local_setup.zsh
[6.546s] -- Symlinking: /home/brian/robo450/lesson_enae450_s26/turtlebot4_ws/install/turtlebot4_setup/share/turtlebot4_setup/local_setup.dsv
[6.564s] -- Symlinking: /home/brian/robo450/lesson_enae450_s26/turtlebot4_ws/install/turtlebot4_setup/share/turtlebot4_setup/package.dsv
[6.583s] -- Symlinking: /home/brian/robo450/lesson_enae450_s26/turtlebot4_ws/install/turtlebot4_setup/share/ament_index/resource_index/packages/turtlebot4_setup
[6.610s] -- Symlinking: /home/brian/robo450/lesson_enae450_s26/turtlebot4_ws/install/turtlebot4_setup/share/turtlebot4_setup/cmake/turtlebot4_setupConfig.cmake
[6.624s] -- Symlinking: /home/brian/robo450/lesson_enae450_s26/turtlebot4_ws/install/turtlebot4_setup/share/turtlebot4_setup/cmake/turtlebot4_setupConfig-version.cmake
[6.643s] -- Symlinking: /home/brian/robo450/lesson_enae450_s26/turtlebot4_ws/install/turtlebot4_setup/share/turtlebot4_setup/package.xml
[6.756s] Listing '/home/brian/robo450/lesson_enae450_s26/turtlebot4_ws/install/turtlebot4_setup/lib/python3.12/site-packages/turtlebot4_setup'...
[6.756s] Compiling '/home/brian/robo450/lesson_enae450_s26/turtlebot4_ws/install/turtlebot4_setup/lib/python3.12/site-packages/turtlebot4_setup/__init__.py'...
[6.756s] Compiling '/home/brian/robo450/lesson_enae450_s26/turtlebot4_ws/install/turtlebot4_setup/lib/python3.12/site-packages/turtlebot4_setup/conf.py'...
[6.757s] Compiling '/home/brian/robo450/lesson_enae450_s26/turtlebot4_ws/install/turtlebot4_setup/lib/python3.12/site-packages/turtlebot4_setup/menu.py'...
[6.757s] Compiling '/home/brian/robo450/lesson_enae450_s26/turtlebot4_ws/install/turtlebot4_setup/lib/python3.12/site-packages/turtlebot4_setup/ros_setup.py'...
[6.757s] Compiling '/home/brian/robo450/lesson_enae450_s26/turtlebot4_ws/install/turtlebot4_setup/lib/python3.12/site-packages/turtlebot4_setup/wifi.py'...
[6.776s] Invoked command in '/home/brian/robo450/lesson_enae450_s26/turtlebot4_ws/build/turtlebot4_setup' returned '0': CMAKE_PREFIX_PATH=${CMAKE_PREFIX_PATH}:/opt/ros/jazzy /usr/bin/cmake --install /home/brian/robo450/lesson_enae450_s26/turtlebot4_ws/build/turtlebot4_setup
